Start testing: Dec 13 11:26 UTC
----------------------------------------------------------
1/37 Testing: NPCTest.CreateFrog
1/37 Test: NPCTest.CreateFrog
Command: "/workspaces/labs_OOP/tasks/lab7/build/lab07_tests" "--gtest_filter=NPCTest.CreateFrog" "--gtest_also_run_disabled_tests"
Directory: /workspaces/labs_OOP/tasks/lab7/build
"NPCTest.CreateFrog" start time: Dec 13 11:26 UTC
Output:
----------------------------------------------------------
Note: Google Test filter = NPCTest.CreateFrog
[==========] Running 1 test from 1 test suite.
[----------] Global test environment set-up.
[----------] 1 test from NPCTest
[ RUN      ] NPCTest.CreateFrog
[       OK ] NPCTest.CreateFrog (0 ms)
[----------] 1 test from NPCTest (0 ms total)

[----------] Global test environment tear-down
[==========] 1 test from 1 test suite ran. (0 ms total)
[  PASSED  ] 1 test.
<end of output>
Test time =   0.01 sec
----------------------------------------------------------
Test Passed.
"NPCTest.CreateFrog" end time: Dec 13 11:26 UTC
"NPCTest.CreateFrog" time elapsed: 00:00:00
----------------------------------------------------------

2/37 Testing: NPCTest.CreateBull
2/37 Test: NPCTest.CreateBull
Command: "/workspaces/labs_OOP/tasks/lab7/build/lab07_tests" "--gtest_filter=NPCTest.CreateBull" "--gtest_also_run_disabled_tests"
Directory: /workspaces/labs_OOP/tasks/lab7/build
"NPCTest.CreateBull" start time: Dec 13 11:26 UTC
Output:
----------------------------------------------------------
Note: Google Test filter = NPCTest.CreateBull
[==========] Running 1 test from 1 test suite.
[----------] Global test environment set-up.
[----------] 1 test from NPCTest
[ RUN      ] NPCTest.CreateBull
[       OK ] NPCTest.CreateBull (0 ms)
[----------] 1 test from NPCTest (0 ms total)

[----------] Global test environment tear-down
[==========] 1 test from 1 test suite ran. (0 ms total)
[  PASSED  ] 1 test.
<end of output>
Test time =   0.01 sec
----------------------------------------------------------
Test Passed.
"NPCTest.CreateBull" end time: Dec 13 11:26 UTC
"NPCTest.CreateBull" time elapsed: 00:00:00
----------------------------------------------------------

3/37 Testing: NPCTest.CreateDragon
3/37 Test: NPCTest.CreateDragon
Command: "/workspaces/labs_OOP/tasks/lab7/build/lab07_tests" "--gtest_filter=NPCTest.CreateDragon" "--gtest_also_run_disabled_tests"
Directory: /workspaces/labs_OOP/tasks/lab7/build
"NPCTest.CreateDragon" start time: Dec 13 11:26 UTC
Output:
----------------------------------------------------------
Note: Google Test filter = NPCTest.CreateDragon
[==========] Running 1 test from 1 test suite.
[----------] Global test environment set-up.
[----------] 1 test from NPCTest
[ RUN      ] NPCTest.CreateDragon
[       OK ] NPCTest.CreateDragon (0 ms)
[----------] 1 test from NPCTest (0 ms total)

[----------] Global test environment tear-down
[==========] 1 test from 1 test suite ran. (0 ms total)
[  PASSED  ] 1 test.
<end of output>
Test time =   0.01 sec
----------------------------------------------------------
Test Passed.
"NPCTest.CreateDragon" end time: Dec 13 11:26 UTC
"NPCTest.CreateDragon" time elapsed: 00:00:00
----------------------------------------------------------

4/37 Testing: NPCTest.CorrectMoveDistances
4/37 Test: NPCTest.CorrectMoveDistances
Command: "/workspaces/labs_OOP/tasks/lab7/build/lab07_tests" "--gtest_filter=NPCTest.CorrectMoveDistances" "--gtest_also_run_disabled_tests"
Directory: /workspaces/labs_OOP/tasks/lab7/build
"NPCTest.CorrectMoveDistances" start time: Dec 13 11:26 UTC
Output:
----------------------------------------------------------
Note: Google Test filter = NPCTest.CorrectMoveDistances
[==========] Running 1 test from 1 test suite.
[----------] Global test environment set-up.
[----------] 1 test from NPCTest
[ RUN      ] NPCTest.CorrectMoveDistances
[       OK ] NPCTest.CorrectMoveDistances (0 ms)
[----------] 1 test from NPCTest (0 ms total)

[----------] Global test environment tear-down
[==========] 1 test from 1 test suite ran. (0 ms total)
[  PASSED  ] 1 test.
<end of output>
Test time =   0.01 sec
----------------------------------------------------------
Test Passed.
"NPCTest.CorrectMoveDistances" end time: Dec 13 11:26 UTC
"NPCTest.CorrectMoveDistances" time elapsed: 00:00:00
----------------------------------------------------------

5/37 Testing: NPCTest.CorrectKillDistances
5/37 Test: NPCTest.CorrectKillDistances
Command: "/workspaces/labs_OOP/tasks/lab7/build/lab07_tests" "--gtest_filter=NPCTest.CorrectKillDistances" "--gtest_also_run_disabled_tests"
Directory: /workspaces/labs_OOP/tasks/lab7/build
"NPCTest.CorrectKillDistances" start time: Dec 13 11:26 UTC
Output:
----------------------------------------------------------
Note: Google Test filter = NPCTest.CorrectKillDistances
[==========] Running 1 test from 1 test suite.
[----------] Global test environment set-up.
[----------] 1 test from NPCTest
[ RUN      ] NPCTest.CorrectKillDistances
[       OK ] NPCTest.CorrectKillDistances (0 ms)
[----------] 1 test from NPCTest (0 ms total)

[----------] Global test environment tear-down
[==========] 1 test from 1 test suite ran. (0 ms total)
[  PASSED  ] 1 test.
<end of output>
Test time =   0.01 sec
----------------------------------------------------------
Test Passed.
"NPCTest.CorrectKillDistances" end time: Dec 13 11:26 UTC
"NPCTest.CorrectKillDistances" time elapsed: 00:00:00
----------------------------------------------------------

6/37 Testing: BattleRulesTest.FrogCanKillBull
6/37 Test: BattleRulesTest.FrogCanKillBull
Command: "/workspaces/labs_OOP/tasks/lab7/build/lab07_tests" "--gtest_filter=BattleRulesTest.FrogCanKillBull" "--gtest_also_run_disabled_tests"
Directory: /workspaces/labs_OOP/tasks/lab7/build
"BattleRulesTest.FrogCanKillBull" start time: Dec 13 11:26 UTC
Output:
----------------------------------------------------------
Note: Google Test filter = BattleRulesTest.FrogCanKillBull
[==========] Running 1 test from 1 test suite.
[----------] Global test environment set-up.
[----------] 1 test from BattleRulesTest
[ RUN      ] BattleRulesTest.FrogCanKillBull
[       OK ] BattleRulesTest.FrogCanKillBull (0 ms)
[----------] 1 test from BattleRulesTest (0 ms total)

[----------] Global test environment tear-down
[==========] 1 test from 1 test suite ran. (0 ms total)
[  PASSED  ] 1 test.
<end of output>
Test time =   0.01 sec
----------------------------------------------------------
Test Passed.
"BattleRulesTest.FrogCanKillBull" end time: Dec 13 11:26 UTC
"BattleRulesTest.FrogCanKillBull" time elapsed: 00:00:00
----------------------------------------------------------

7/37 Testing: BattleRulesTest.BullCanKillFrog
7/37 Test: BattleRulesTest.BullCanKillFrog
Command: "/workspaces/labs_OOP/tasks/lab7/build/lab07_tests" "--gtest_filter=BattleRulesTest.BullCanKillFrog" "--gtest_also_run_disabled_tests"
Directory: /workspaces/labs_OOP/tasks/lab7/build
"BattleRulesTest.BullCanKillFrog" start time: Dec 13 11:26 UTC
Output:
----------------------------------------------------------
Note: Google Test filter = BattleRulesTest.BullCanKillFrog
[==========] Running 1 test from 1 test suite.
[----------] Global test environment set-up.
[----------] 1 test from BattleRulesTest
[ RUN      ] BattleRulesTest.BullCanKillFrog
[       OK ] BattleRulesTest.BullCanKillFrog (0 ms)
[----------] 1 test from BattleRulesTest (0 ms total)

[----------] Global test environment tear-down
[==========] 1 test from 1 test suite ran. (0 ms total)
[  PASSED  ] 1 test.
<end of output>
Test time =   0.01 sec
----------------------------------------------------------
Test Passed.
"BattleRulesTest.BullCanKillFrog" end time: Dec 13 11:26 UTC
"BattleRulesTest.BullCanKillFrog" time elapsed: 00:00:00
----------------------------------------------------------

8/37 Testing: BattleRulesTest.DragonCanKillBullAndDragon
8/37 Test: BattleRulesTest.DragonCanKillBullAndDragon
Command: "/workspaces/labs_OOP/tasks/lab7/build/lab07_tests" "--gtest_filter=BattleRulesTest.DragonCanKillBullAndDragon" "--gtest_also_run_disabled_tests"
Directory: /workspaces/labs_OOP/tasks/lab7/build
"BattleRulesTest.DragonCanKillBullAndDragon" start time: Dec 13 11:26 UTC
Output:
----------------------------------------------------------
Note: Google Test filter = BattleRulesTest.DragonCanKillBullAndDragon
[==========] Running 1 test from 1 test suite.
[----------] Global test environment set-up.
[----------] 1 test from BattleRulesTest
[ RUN      ] BattleRulesTest.DragonCanKillBullAndDragon
[       OK ] BattleRulesTest.DragonCanKillBullAndDragon (0 ms)
[----------] 1 test from BattleRulesTest (0 ms total)

[----------] Global test environment tear-down
[==========] 1 test from 1 test suite ran. (0 ms total)
[  PASSED  ] 1 test.
<end of output>
Test time =   0.01 sec
----------------------------------------------------------
Test Passed.
"BattleRulesTest.DragonCanKillBullAndDragon" end time: Dec 13 11:26 UTC
"BattleRulesTest.DragonCanKillBullAndDragon" time elapsed: 00:00:00
----------------------------------------------------------

9/37 Testing: DistanceTest.PointDistance
9/37 Test: DistanceTest.PointDistance
Command: "/workspaces/labs_OOP/tasks/lab7/build/lab07_tests" "--gtest_filter=DistanceTest.PointDistance" "--gtest_also_run_disabled_tests"
Directory: /workspaces/labs_OOP/tasks/lab7/build
"DistanceTest.PointDistance" start time: Dec 13 11:26 UTC
Output:
----------------------------------------------------------
Note: Google Test filter = DistanceTest.PointDistance
[==========] Running 1 test from 1 test suite.
[----------] Global test environment set-up.
[----------] 1 test from DistanceTest
[ RUN      ] DistanceTest.PointDistance
[       OK ] DistanceTest.PointDistance (0 ms)
[----------] 1 test from DistanceTest (0 ms total)

[----------] Global test environment tear-down
[==========] 1 test from 1 test suite ran. (0 ms total)
[  PASSED  ] 1 test.
<end of output>
Test time =   0.01 sec
----------------------------------------------------------
Test Passed.
"DistanceTest.PointDistance" end time: Dec 13 11:26 UTC
"DistanceTest.PointDistance" time elapsed: 00:00:00
----------------------------------------------------------

10/37 Testing: DistanceTest.NPCDistance
10/37 Test: DistanceTest.NPCDistance
Command: "/workspaces/labs_OOP/tasks/lab7/build/lab07_tests" "--gtest_filter=DistanceTest.NPCDistance" "--gtest_also_run_disabled_tests"
Directory: /workspaces/labs_OOP/tasks/lab7/build
"DistanceTest.NPCDistance" start time: Dec 13 11:26 UTC
Output:
----------------------------------------------------------
Note: Google Test filter = DistanceTest.NPCDistance
[==========] Running 1 test from 1 test suite.
[----------] Global test environment set-up.
[----------] 1 test from DistanceTest
[ RUN      ] DistanceTest.NPCDistance
[       OK ] DistanceTest.NPCDistance (0 ms)
[----------] 1 test from DistanceTest (0 ms total)

[----------] Global test environment tear-down
[==========] 1 test from 1 test suite ran. (0 ms total)
[  PASSED  ] 1 test.
<end of output>
Test time =   0.01 sec
----------------------------------------------------------
Test Passed.
"DistanceTest.NPCDistance" end time: Dec 13 11:26 UTC
"DistanceTest.NPCDistance" time elapsed: 00:00:00
----------------------------------------------------------

11/37 Testing: DistanceTest.ZeroDistance
11/37 Test: DistanceTest.ZeroDistance
Command: "/workspaces/labs_OOP/tasks/lab7/build/lab07_tests" "--gtest_filter=DistanceTest.ZeroDistance" "--gtest_also_run_disabled_tests"
Directory: /workspaces/labs_OOP/tasks/lab7/build
"DistanceTest.ZeroDistance" start time: Dec 13 11:26 UTC
Output:
----------------------------------------------------------
Note: Google Test filter = DistanceTest.ZeroDistance
[==========] Running 1 test from 1 test suite.
[----------] Global test environment set-up.
[----------] 1 test from DistanceTest
[ RUN      ] DistanceTest.ZeroDistance
[       OK ] DistanceTest.ZeroDistance (0 ms)
[----------] 1 test from DistanceTest (0 ms total)

[----------] Global test environment tear-down
[==========] 1 test from 1 test suite ran. (0 ms total)
[  PASSED  ] 1 test.
<end of output>
Test time =   0.01 sec
----------------------------------------------------------
Test Passed.
"DistanceTest.ZeroDistance" end time: Dec 13 11:26 UTC
"DistanceTest.ZeroDistance" time elapsed: 00:00:00
----------------------------------------------------------

12/37 Testing: MovementTest.NPCMovement
12/37 Test: MovementTest.NPCMovement
Command: "/workspaces/labs_OOP/tasks/lab7/build/lab07_tests" "--gtest_filter=MovementTest.NPCMovement" "--gtest_also_run_disabled_tests"
Directory: /workspaces/labs_OOP/tasks/lab7/build
"MovementTest.NPCMovement" start time: Dec 13 11:26 UTC
Output:
----------------------------------------------------------
Note: Google Test filter = MovementTest.NPCMovement
[==========] Running 1 test from 1 test suite.
[----------] Global test environment set-up.
[----------] 1 test from MovementTest
[ RUN      ] MovementTest.NPCMovement
[       OK ] MovementTest.NPCMovement (0 ms)
[----------] 1 test from MovementTest (0 ms total)

[----------] Global test environment tear-down
[==========] 1 test from 1 test suite ran. (0 ms total)
[  PASSED  ] 1 test.
<end of output>
Test time =   0.01 sec
----------------------------------------------------------
Test Passed.
"MovementTest.NPCMovement" end time: Dec 13 11:26 UTC
"MovementTest.NPCMovement" time elapsed: 00:00:00
----------------------------------------------------------

13/37 Testing: MovementTest.DeadNPCDoesNotMove
13/37 Test: MovementTest.DeadNPCDoesNotMove
Command: "/workspaces/labs_OOP/tasks/lab7/build/lab07_tests" "--gtest_filter=MovementTest.DeadNPCDoesNotMove" "--gtest_also_run_disabled_tests"
Directory: /workspaces/labs_OOP/tasks/lab7/build
"MovementTest.DeadNPCDoesNotMove" start time: Dec 13 11:26 UTC
Output:
----------------------------------------------------------
Note: Google Test filter = MovementTest.DeadNPCDoesNotMove
[==========] Running 1 test from 1 test suite.
[----------] Global test environment set-up.
[----------] 1 test from MovementTest
[ RUN      ] MovementTest.DeadNPCDoesNotMove
[       OK ] MovementTest.DeadNPCDoesNotMove (0 ms)
[----------] 1 test from MovementTest (0 ms total)

[----------] Global test environment tear-down
[==========] 1 test from 1 test suite ran. (0 ms total)
[  PASSED  ] 1 test.
<end of output>
Test time =   0.01 sec
----------------------------------------------------------
Test Passed.
"MovementTest.DeadNPCDoesNotMove" end time: Dec 13 11:26 UTC
"MovementTest.DeadNPCDoesNotMove" time elapsed: 00:00:00
----------------------------------------------------------

14/37 Testing: BoundaryTest.MapBoundaries
14/37 Test: BoundaryTest.MapBoundaries
Command: "/workspaces/labs_OOP/tasks/lab7/build/lab07_tests" "--gtest_filter=BoundaryTest.MapBoundaries" "--gtest_also_run_disabled_tests"
Directory: /workspaces/labs_OOP/tasks/lab7/build
"BoundaryTest.MapBoundaries" start time: Dec 13 11:26 UTC
Output:
----------------------------------------------------------
Note: Google Test filter = BoundaryTest.MapBoundaries
[==========] Running 1 test from 1 test suite.
[----------] Global test environment set-up.
[----------] 1 test from BoundaryTest
[ RUN      ] BoundaryTest.MapBoundaries
[       OK ] BoundaryTest.MapBoundaries (0 ms)
[----------] 1 test from BoundaryTest (0 ms total)

[----------] Global test environment tear-down
[==========] 1 test from 1 test suite ran. (0 ms total)
[  PASSED  ] 1 test.
<end of output>
Test time =   0.01 sec
----------------------------------------------------------
Test Passed.
"BoundaryTest.MapBoundaries" end time: Dec 13 11:26 UTC
"BoundaryTest.MapBoundaries" time elapsed: 00:00:00
----------------------------------------------------------

15/37 Testing: BoundaryTest.NPCStaysWithinBounds
15/37 Test: BoundaryTest.NPCStaysWithinBounds
Command: "/workspaces/labs_OOP/tasks/lab7/build/lab07_tests" "--gtest_filter=BoundaryTest.NPCStaysWithinBounds" "--gtest_also_run_disabled_tests"
Directory: /workspaces/labs_OOP/tasks/lab7/build
"BoundaryTest.NPCStaysWithinBounds" start time: Dec 13 11:26 UTC
Output:
----------------------------------------------------------
Note: Google Test filter = BoundaryTest.NPCStaysWithinBounds
[==========] Running 1 test from 1 test suite.
[----------] Global test environment set-up.
[----------] 1 test from BoundaryTest
[ RUN      ] BoundaryTest.NPCStaysWithinBounds
[       OK ] BoundaryTest.NPCStaysWithinBounds (0 ms)
[----------] 1 test from BoundaryTest (0 ms total)

[----------] Global test environment tear-down
[==========] 1 test from 1 test suite ran. (0 ms total)
[  PASSED  ] 1 test.
<end of output>
Test time =   0.01 sec
----------------------------------------------------------
Test Passed.
"BoundaryTest.NPCStaysWithinBounds" end time: Dec 13 11:26 UTC
"BoundaryTest.NPCStaysWithinBounds" time elapsed: 00:00:00
----------------------------------------------------------

16/37 Testing: LifeTest.NPCAliveAndDead
16/37 Test: LifeTest.NPCAliveAndDead
Command: "/workspaces/labs_OOP/tasks/lab7/build/lab07_tests" "--gtest_filter=LifeTest.NPCAliveAndDead" "--gtest_also_run_disabled_tests"
Directory: /workspaces/labs_OOP/tasks/lab7/build
"LifeTest.NPCAliveAndDead" start time: Dec 13 11:26 UTC
Output:
----------------------------------------------------------
Note: Google Test filter = LifeTest.NPCAliveAndDead
[==========] Running 1 test from 1 test suite.
[----------] Global test environment set-up.
[----------] 1 test from LifeTest
[ RUN      ] LifeTest.NPCAliveAndDead
[       OK ] LifeTest.NPCAliveAndDead (0 ms)
[----------] 1 test from LifeTest (0 ms total)

[----------] Global test environment tear-down
[==========] 1 test from 1 test suite ran. (0 ms total)
[  PASSED  ] 1 test.
<end of output>
Test time =   0.01 sec
----------------------------------------------------------
Test Passed.
"LifeTest.NPCAliveAndDead" end time: Dec 13 11:26 UTC
"LifeTest.NPCAliveAndDead" time elapsed: 00:00:00
----------------------------------------------------------

17/37 Testing: LifeTest.DeadNPCStaysDead
17/37 Test: LifeTest.DeadNPCStaysDead
Command: "/workspaces/labs_OOP/tasks/lab7/build/lab07_tests" "--gtest_filter=LifeTest.DeadNPCStaysDead" "--gtest_also_run_disabled_tests"
Directory: /workspaces/labs_OOP/tasks/lab7/build
"LifeTest.DeadNPCStaysDead" start time: Dec 13 11:26 UTC
Output:
----------------------------------------------------------
Note: Google Test filter = LifeTest.DeadNPCStaysDead
[==========] Running 1 test from 1 test suite.
[----------] Global test environment set-up.
[----------] 1 test from LifeTest
[ RUN      ] LifeTest.DeadNPCStaysDead
[       OK ] LifeTest.DeadNPCStaysDead (0 ms)
[----------] 1 test from LifeTest (0 ms total)

[----------] Global test environment tear-down
[==========] 1 test from 1 test suite ran. (0 ms total)
[  PASSED  ] 1 test.
<end of output>
Test time =   0.01 sec
----------------------------------------------------------
Test Passed.
"LifeTest.DeadNPCStaysDead" end time: Dec 13 11:26 UTC
"LifeTest.DeadNPCStaysDead" time elapsed: 00:00:00
----------------------------------------------------------

18/37 Testing: FactoryTest.CreateByType
18/37 Test: FactoryTest.CreateByType
Command: "/workspaces/labs_OOP/tasks/lab7/build/lab07_tests" "--gtest_filter=FactoryTest.CreateByType" "--gtest_also_run_disabled_tests"
Directory: /workspaces/labs_OOP/tasks/lab7/build
"FactoryTest.CreateByType" start time: Dec 13 11:26 UTC
Output:
----------------------------------------------------------
Note: Google Test filter = FactoryTest.CreateByType
[==========] Running 1 test from 1 test suite.
[----------] Global test environment set-up.
[----------] 1 test from FactoryTest
[ RUN      ] FactoryTest.CreateByType
[       OK ] FactoryTest.CreateByType (0 ms)
[----------] 1 test from FactoryTest (0 ms total)

[----------] Global test environment tear-down
[==========] 1 test from 1 test suite ran. (0 ms total)
[  PASSED  ] 1 test.
<end of output>
Test time =   0.01 sec
----------------------------------------------------------
Test Passed.
"FactoryTest.CreateByType" end time: Dec 13 11:26 UTC
"FactoryTest.CreateByType" time elapsed: 00:00:00
----------------------------------------------------------

19/37 Testing: FactoryTest.CreateRandom
19/37 Test: FactoryTest.CreateRandom
Command: "/workspaces/labs_OOP/tasks/lab7/build/lab07_tests" "--gtest_filter=FactoryTest.CreateRandom" "--gtest_also_run_disabled_tests"
Directory: /workspaces/labs_OOP/tasks/lab7/build
"FactoryTest.CreateRandom" start time: Dec 13 11:26 UTC
Output:
----------------------------------------------------------
Note: Google Test filter = FactoryTest.CreateRandom
[==========] Running 1 test from 1 test suite.
[----------] Global test environment set-up.
[----------] 1 test from FactoryTest
[ RUN      ] FactoryTest.CreateRandom
[       OK ] FactoryTest.CreateRandom (0 ms)
[----------] 1 test from FactoryTest (0 ms total)

[----------] Global test environment tear-down
[==========] 1 test from 1 test suite ran. (0 ms total)
[  PASSED  ] 1 test.
<end of output>
Test time =   0.01 sec
----------------------------------------------------------
Test Passed.
"FactoryTest.CreateRandom" end time: Dec 13 11:26 UTC
"FactoryTest.CreateRandom" time elapsed: 00:00:00
----------------------------------------------------------

20/37 Testing: FactoryTest.CreateMultipleRandom
20/37 Test: FactoryTest.CreateMultipleRandom
Command: "/workspaces/labs_OOP/tasks/lab7/build/lab07_tests" "--gtest_filter=FactoryTest.CreateMultipleRandom" "--gtest_also_run_disabled_tests"
Directory: /workspaces/labs_OOP/tasks/lab7/build
"FactoryTest.CreateMultipleRandom" start time: Dec 13 11:26 UTC
Output:
----------------------------------------------------------
Note: Google Test filter = FactoryTest.CreateMultipleRandom
[==========] Running 1 test from 1 test suite.
[----------] Global test environment set-up.
[----------] 1 test from FactoryTest
[ RUN      ] FactoryTest.CreateMultipleRandom
[       OK ] FactoryTest.CreateMultipleRandom (0 ms)
[----------] 1 test from FactoryTest (0 ms total)

[----------] Global test environment tear-down
[==========] 1 test from 1 test suite ran. (0 ms total)
[  PASSED  ] 1 test.
<end of output>
Test time =   0.01 sec
----------------------------------------------------------
Test Passed.
"FactoryTest.CreateMultipleRandom" end time: Dec 13 11:26 UTC
"FactoryTest.CreateMultipleRandom" time elapsed: 00:00:00
----------------------------------------------------------

21/37 Testing: DiceTest.RollDice
21/37 Test: DiceTest.RollDice
Command: "/workspaces/labs_OOP/tasks/lab7/build/lab07_tests" "--gtest_filter=DiceTest.RollDice" "--gtest_also_run_disabled_tests"
Directory: /workspaces/labs_OOP/tasks/lab7/build
"DiceTest.RollDice" start time: Dec 13 11:26 UTC
Output:
----------------------------------------------------------
Note: Google Test filter = DiceTest.RollDice
[==========] Running 1 test from 1 test suite.
[----------] Global test environment set-up.
[----------] 1 test from DiceTest
[ RUN      ] DiceTest.RollDice
[       OK ] DiceTest.RollDice (0 ms)
[----------] 1 test from DiceTest (0 ms total)

[----------] Global test environment tear-down
[==========] 1 test from 1 test suite ran. (0 ms total)
[  PASSED  ] 1 test.
<end of output>
Test time =   0.01 sec
----------------------------------------------------------
Test Passed.
"DiceTest.RollDice" end time: Dec 13 11:26 UTC
"DiceTest.RollDice" time elapsed: 00:00:00
----------------------------------------------------------

22/37 Testing: DiceTest.RollDiceDistribution
22/37 Test: DiceTest.RollDiceDistribution
Command: "/workspaces/labs_OOP/tasks/lab7/build/lab07_tests" "--gtest_filter=DiceTest.RollDiceDistribution" "--gtest_also_run_disabled_tests"
Directory: /workspaces/labs_OOP/tasks/lab7/build
"DiceTest.RollDiceDistribution" start time: Dec 13 11:26 UTC
Output:
----------------------------------------------------------
Note: Google Test filter = DiceTest.RollDiceDistribution
[==========] Running 1 test from 1 test suite.
[----------] Global test environment set-up.
[----------] 1 test from DiceTest
[ RUN      ] DiceTest.RollDiceDistribution
[       OK ] DiceTest.RollDiceDistribution (0 ms)
[----------] 1 test from DiceTest (0 ms total)

[----------] Global test environment tear-down
[==========] 1 test from 1 test suite ran. (0 ms total)
[  PASSED  ] 1 test.
<end of output>
Test time =   0.01 sec
----------------------------------------------------------
Test Passed.
"DiceTest.RollDiceDistribution" end time: Dec 13 11:26 UTC
"DiceTest.RollDiceDistribution" time elapsed: 00:00:00
----------------------------------------------------------

23/37 Testing: BattleTest.BattleWithVisitor
23/37 Test: BattleTest.BattleWithVisitor
Command: "/workspaces/labs_OOP/tasks/lab7/build/lab07_tests" "--gtest_filter=BattleTest.BattleWithVisitor" "--gtest_also_run_disabled_tests"
Directory: /workspaces/labs_OOP/tasks/lab7/build
"BattleTest.BattleWithVisitor" start time: Dec 13 11:26 UTC
Output:
----------------------------------------------------------
Note: Google Test filter = BattleTest.BattleWithVisitor
[==========] Running 1 test from 1 test suite.
[----------] Global test environment set-up.
[----------] 1 test from BattleTest
[ RUN      ] BattleTest.BattleWithVisitor
Бой: Жаба (Жаба) атакует Бык (Бык) - атака: 3, защита: 6 - Бык выжил!
[       OK ] BattleTest.BattleWithVisitor (0 ms)
[----------] 1 test from BattleTest (0 ms total)

[----------] Global test environment tear-down
[==========] 1 test from 1 test suite ran. (0 ms total)
[  PASSED  ] 1 test.
<end of output>
Test time =   0.01 sec
----------------------------------------------------------
Test Passed.
"BattleTest.BattleWithVisitor" end time: Dec 13 11:26 UTC
"BattleTest.BattleWithVisitor" time elapsed: 00:00:00
----------------------------------------------------------

24/37 Testing: BattleTest.BattleOutOfRange
24/37 Test: BattleTest.BattleOutOfRange
Command: "/workspaces/labs_OOP/tasks/lab7/build/lab07_tests" "--gtest_filter=BattleTest.BattleOutOfRange" "--gtest_also_run_disabled_tests"
Directory: /workspaces/labs_OOP/tasks/lab7/build
"BattleTest.BattleOutOfRange" start time: Dec 13 11:26 UTC
Output:
----------------------------------------------------------
Note: Google Test filter = BattleTest.BattleOutOfRange
[==========] Running 1 test from 1 test suite.
[----------] Global test environment set-up.
[----------] 1 test from BattleTest
[ RUN      ] BattleTest.BattleOutOfRange
[       OK ] BattleTest.BattleOutOfRange (0 ms)
[----------] 1 test from BattleTest (0 ms total)

[----------] Global test environment tear-down
[==========] 1 test from 1 test suite ran. (0 ms total)
[  PASSED  ] 1 test.
<end of output>
Test time =   0.01 sec
----------------------------------------------------------
Test Passed.
"BattleTest.BattleOutOfRange" end time: Dec 13 11:26 UTC
"BattleTest.BattleOutOfRange" time elapsed: 00:00:00
----------------------------------------------------------

25/37 Testing: BattleTest.BattleWrongTarget
25/37 Test: BattleTest.BattleWrongTarget
Command: "/workspaces/labs_OOP/tasks/lab7/build/lab07_tests" "--gtest_filter=BattleTest.BattleWrongTarget" "--gtest_also_run_disabled_tests"
Directory: /workspaces/labs_OOP/tasks/lab7/build
"BattleTest.BattleWrongTarget" start time: Dec 13 11:26 UTC
Output:
----------------------------------------------------------
Note: Google Test filter = BattleTest.BattleWrongTarget
[==========] Running 1 test from 1 test suite.
[----------] Global test environment set-up.
[----------] 1 test from BattleTest
[ RUN      ] BattleTest.BattleWrongTarget
[       OK ] BattleTest.BattleWrongTarget (0 ms)
[----------] 1 test from BattleTest (0 ms total)

[----------] Global test environment tear-down
[==========] 1 test from 1 test suite ran. (0 ms total)
[  PASSED  ] 1 test.
<end of output>
Test time =   0.01 sec
----------------------------------------------------------
Test Passed.
"BattleTest.BattleWrongTarget" end time: Dec 13 11:26 UTC
"BattleTest.BattleWrongTarget" time elapsed: 00:00:00
----------------------------------------------------------

26/37 Testing: BattleTest.DragonMutualDestruction
26/37 Test: BattleTest.DragonMutualDestruction
Command: "/workspaces/labs_OOP/tasks/lab7/build/lab07_tests" "--gtest_filter=BattleTest.DragonMutualDestruction" "--gtest_also_run_disabled_tests"
Directory: /workspaces/labs_OOP/tasks/lab7/build
"BattleTest.DragonMutualDestruction" start time: Dec 13 11:26 UTC
Output:
----------------------------------------------------------
Note: Google Test filter = BattleTest.DragonMutualDestruction
[==========] Running 1 test from 1 test suite.
[----------] Global test environment set-up.
[----------] 1 test from BattleTest
[ RUN      ] BattleTest.DragonMutualDestruction
[       OK ] BattleTest.DragonMutualDestruction (0 ms)
[----------] 1 test from BattleTest (0 ms total)

[----------] Global test environment tear-down
[==========] 1 test from 1 test suite ran. (0 ms total)
[  PASSED  ] 1 test.
<end of output>
Test time =   0.01 sec
----------------------------------------------------------
Test Passed.
"BattleTest.DragonMutualDestruction" end time: Dec 13 11:26 UTC
"BattleTest.DragonMutualDestruction" time elapsed: 00:00:00
----------------------------------------------------------

27/37 Testing: GameWorldTest.AddNPC
27/37 Test: GameWorldTest.AddNPC
Command: "/workspaces/labs_OOP/tasks/lab7/build/lab07_tests" "--gtest_filter=GameWorldTest.AddNPC" "--gtest_also_run_disabled_tests"
Directory: /workspaces/labs_OOP/tasks/lab7/build
"GameWorldTest.AddNPC" start time: Dec 13 11:26 UTC
Output:
----------------------------------------------------------
Note: Google Test filter = GameWorldTest.AddNPC
[==========] Running 1 test from 1 test suite.
[----------] Global test environment set-up.
[----------] 1 test from GameWorldTest
[ RUN      ] GameWorldTest.AddNPC
[       OK ] GameWorldTest.AddNPC (0 ms)
[----------] 1 test from GameWorldTest (0 ms total)

[----------] Global test environment tear-down
[==========] 1 test from 1 test suite ran. (0 ms total)
[  PASSED  ] 1 test.
<end of output>
Test time =   0.01 sec
----------------------------------------------------------
Test Passed.
"GameWorldTest.AddNPC" end time: Dec 13 11:26 UTC
"GameWorldTest.AddNPC" time elapsed: 00:00:00
----------------------------------------------------------

28/37 Testing: GameWorldTest.MultipleNPC
28/37 Test: GameWorldTest.MultipleNPC
Command: "/workspaces/labs_OOP/tasks/lab7/build/lab07_tests" "--gtest_filter=GameWorldTest.MultipleNPC" "--gtest_also_run_disabled_tests"
Directory: /workspaces/labs_OOP/tasks/lab7/build
"GameWorldTest.MultipleNPC" start time: Dec 13 11:26 UTC
Output:
----------------------------------------------------------
Note: Google Test filter = GameWorldTest.MultipleNPC
[==========] Running 1 test from 1 test suite.
[----------] Global test environment set-up.
[----------] 1 test from GameWorldTest
[ RUN      ] GameWorldTest.MultipleNPC
[       OK ] GameWorldTest.MultipleNPC (0 ms)
[----------] 1 test from GameWorldTest (0 ms total)

[----------] Global test environment tear-down
[==========] 1 test from 1 test suite ran. (0 ms total)
[  PASSED  ] 1 test.
<end of output>
Test time =   0.01 sec
----------------------------------------------------------
Test Passed.
"GameWorldTest.MultipleNPC" end time: Dec 13 11:26 UTC
"GameWorldTest.MultipleNPC" time elapsed: 00:00:00
----------------------------------------------------------

29/37 Testing: GameWorldTest.FiftyNPC
29/37 Test: GameWorldTest.FiftyNPC
Command: "/workspaces/labs_OOP/tasks/lab7/build/lab07_tests" "--gtest_filter=GameWorldTest.FiftyNPC" "--gtest_also_run_disabled_tests"
Directory: /workspaces/labs_OOP/tasks/lab7/build
"GameWorldTest.FiftyNPC" start time: Dec 13 11:26 UTC
Output:
----------------------------------------------------------
Note: Google Test filter = GameWorldTest.FiftyNPC
[==========] Running 1 test from 1 test suite.
[----------] Global test environment set-up.
[----------] 1 test from GameWorldTest
[ RUN      ] GameWorldTest.FiftyNPC
[       OK ] GameWorldTest.FiftyNPC (0 ms)
[----------] 1 test from GameWorldTest (0 ms total)

[----------] Global test environment tear-down
[==========] 1 test from 1 test suite ran. (0 ms total)
[  PASSED  ] 1 test.
<end of output>
Test time =   0.01 sec
----------------------------------------------------------
Test Passed.
"GameWorldTest.FiftyNPC" end time: Dec 13 11:26 UTC
"GameWorldTest.FiftyNPC" time elapsed: 00:00:00
----------------------------------------------------------

30/37 Testing: ThreadTest.MovementThreadWorks
30/37 Test: ThreadTest.MovementThreadWorks
Command: "/workspaces/labs_OOP/tasks/lab7/build/lab07_tests" "--gtest_filter=ThreadTest.MovementThreadWorks" "--gtest_also_run_disabled_tests"
Directory: /workspaces/labs_OOP/tasks/lab7/build
"ThreadTest.MovementThreadWorks" start time: Dec 13 11:26 UTC
Output:
----------------------------------------------------------
Note: Google Test filter = ThreadTest.MovementThreadWorks
[==========] Running 1 test from 1 test suite.
[----------] Global test environment set-up.
[----------] 1 test from ThreadTest
[ RUN      ] ThreadTest.MovementThreadWorks
[       OK ] ThreadTest.MovementThreadWorks (502 ms)
[----------] 1 test from ThreadTest (502 ms total)

[----------] Global test environment tear-down
[==========] 1 test from 1 test suite ran. (502 ms total)
[  PASSED  ] 1 test.
<end of output>
Test time =   0.51 sec
----------------------------------------------------------
Test Passed.
"ThreadTest.MovementThreadWorks" end time: Dec 13 11:26 UTC
"ThreadTest.MovementThreadWorks" time elapsed: 00:00:00
----------------------------------------------------------

31/37 Testing: ThreadTest.BattleThreadWorks
31/37 Test: ThreadTest.BattleThreadWorks
Command: "/workspaces/labs_OOP/tasks/lab7/build/lab07_tests" "--gtest_filter=ThreadTest.BattleThreadWorks" "--gtest_also_run_disabled_tests"
Directory: /workspaces/labs_OOP/tasks/lab7/build
"ThreadTest.BattleThreadWorks" start time: Dec 13 11:26 UTC
Output:
----------------------------------------------------------
Note: Google Test filter = ThreadTest.BattleThreadWorks
[==========] Running 1 test from 1 test suite.
[----------] Global test environment set-up.
[----------] 1 test from ThreadTest
[ RUN      ] ThreadTest.BattleThreadWorks
[       OK ] ThreadTest.BattleThreadWorks (2011 ms)
[----------] 1 test from ThreadTest (2011 ms total)

[----------] Global test environment tear-down
[==========] 1 test from 1 test suite ran. (2011 ms total)
[  PASSED  ] 1 test.
<end of output>
Test time =   2.02 sec
----------------------------------------------------------
Test Passed.
"ThreadTest.BattleThreadWorks" end time: Dec 13 11:26 UTC
"ThreadTest.BattleThreadWorks" time elapsed: 00:00:02
----------------------------------------------------------

32/37 Testing: ThreadTest.AllThreeThreadsWork
32/37 Test: ThreadTest.AllThreeThreadsWork
Command: "/workspaces/labs_OOP/tasks/lab7/build/lab07_tests" "--gtest_filter=ThreadTest.AllThreeThreadsWork" "--gtest_also_run_disabled_tests"
Directory: /workspaces/labs_OOP/tasks/lab7/build
"ThreadTest.AllThreeThreadsWork" start time: Dec 13 11:26 UTC
Output:
----------------------------------------------------------
Note: Google Test filter = ThreadTest.AllThreeThreadsWork
[==========] Running 1 test from 1 test suite.
[----------] Global test environment set-up.
[----------] 1 test from ThreadTest
[ RUN      ] ThreadTest.AllThreeThreadsWork
Бой: NPC_0 (Жаба) атакует NPC_9 (Бык) - атака: 4, защита: 6 - NPC_9 выжил!
Бой: NPC_9 (Бык) атакует NPC_0 (Жаба) - атака: 3, защита: 2 - NPC_0 убит!
Бой: NPC_4 (Дракон) атакует NPC_8 (Дракон) - атака: 1, защита: 3 - NPC_8 выжил!
Бой: NPC_8 (Дракон) атакует NPC_4 (Дракон) - атака: 1, защита: 1 - NPC_4 выжил!
Бой: NPC_4 (Дракон) атакует NPC_1 (Бык) - атака: 1, защита: 1 - NPC_1 выжил!
Бой: NPC_4 (Дракон) атакует NPC_1 (Бык) - атака: 5, защита: 6 - NPC_1 выжил!
Бой: NPC_4 (Дракон) атакует NPC_1 (Бык) - атака: 2, защита: 5 - NPC_1 выжил!

=== Карта (секунда 1) ===
Бык "NPC_1" - позиция (40.0, 100.0)
Жаба "NPC_2" - позиция (49.8, 12.7)
Жаба "NPC_3" - позиция (30.0, 54.0)
Дракон "NPC_4" - позиция (36.0, 72.9)
Бык "NPC_5" - позиция (66.6, 80.7)
Дракон "NPC_6" - позиция (0.0, 0.0)
Жаба "NPC_7" - позиция (99.6, 48.2)
Дракон "NPC_8" - позиция (35.0, 11.5)
Бык "NPC_9" - позиция (90.4, 1.5)
Живых NPC: 9
Бой: NPC_8 (Дракон) атакует NPC_5 (Бык) - атака: 2, защита: 5 - NPC_5 выжил!

=== Карта (секунда 2) ===
Бык "NPC_1" - позиция (28.9, 32.9)
Жаба "NPC_2" - позиция (51.4, 12.3)
Жаба "NPC_3" - позиция (30.5, 56.0)
Дракон "NPC_4" - позиция (0.6, 100.0)
Бык "NPC_5" - позиция (0.0, 0.0)
Дракон "NPC_6" - позиция (76.3, 51.4)
Жаба "NPC_7" - позиция (98.4, 47.3)
Дракон "NPC_8" - позиция (0.0, 75.1)
Бык "NPC_9" - позиция (45.7, 64.6)
Живых NPC: 9
Бой: NPC_6 (Дракон) атакует NPC_4 (Дракон) - атака: 1, защита: 5 - NPC_4 выжил!
Бой: NPC_8 (Дракон) атакует NPC_9 (Бык) - атака: 3, защита: 1 - NPC_9 убит!

=== Карта (секунда 3) ===
Бык "NPC_1" - позиция (26.5, 0.0)
Жаба "NPC_2" - позиция (50.6, 15.2)
Жаба "NPC_3" - позиция (33.8, 54.4)
Дракон "NPC_4" - позиция (10.1, 100.0)
Бык "NPC_5" - позиция (34.3, 50.2)
Дракон "NPC_6" - позиция (100.0, 65.8)
Жаба "NPC_7" - позиция (98.0, 48.6)
Дракон "NPC_8" - позиция (53.0, 0.0)
Живых NPC: 8
[       OK ] ThreadTest.AllThreeThreadsWork (3017 ms)
[----------] 1 test from ThreadTest (3017 ms total)

[----------] Global test environment tear-down
[==========] 1 test from 1 test suite ran. (3017 ms total)
[  PASSED  ] 1 test.
<end of output>
Test time =   3.04 sec
----------------------------------------------------------
Test Passed.
"ThreadTest.AllThreeThreadsWork" end time: Dec 13 11:26 UTC
"ThreadTest.AllThreeThreadsWork" time elapsed: 00:00:03
----------------------------------------------------------

33/37 Testing: GameTest.ThirtySecondsFullGame
33/37 Test: GameTest.ThirtySecondsFullGame
Command: "/workspaces/labs_OOP/tasks/lab7/build/lab07_tests" "--gtest_filter=GameTest.ThirtySecondsFullGame" "--gtest_also_run_disabled_tests"
Directory: /workspaces/labs_OOP/tasks/lab7/build
"GameTest.ThirtySecondsFullGame" start time: Dec 13 11:26 UTC
Output:
----------------------------------------------------------
Note: Google Test filter = GameTest.ThirtySecondsFullGame
[==========] Running 1 test from 1 test suite.
[----------] Global test environment set-up.
[----------] 1 test from GameTest
[ RUN      ] GameTest.ThirtySecondsFullGame
Бой: NPC_1 (Дракон) атакует NPC_8 (Бык) - атака: 3, защита: 5 - NPC_8 выжил!
Бой: NPC_1 (Дракон) атакует NPC_12 (Бык) - атака: 2, защита: 1 - NPC_12 убит!
Бой: NPC_4 (Дракон) атакует NPC_16 (Бык) - атака: 4, защита: 2 - NPC_16 убит!
Бой: NPC_21 (Дракон) атакует NPC_5 (Бык) - атака: 1, защита: 3 - NPC_5 выжил!

=== Карта (секунда 1) ===
Дракон "NPC_1" - позиция (76.7, 0.0)
Бык "NPC_2" - позиция (71.1, 89.2)
Бык "NPC_3" - позиция (25.1, 92.6)
Дракон "NPC_4" - позиция (100.0, 41.2)
Бык "NPC_5" - позиция (26.1, 63.0)
Бык "NPC_6" - позиция (46.1, 21.4)
Бык "NPC_7" - позиция (68.5, 3.1)
Бык "NPC_8" - позиция (100.0, 0.0)
Жаба "NPC_9" - позиция (100.0, 60.3)
Жаба "NPC_10" - позиция (13.4, 60.5)
Бык "NPC_11" - позиция (100.0, 40.6)
Жаба "NPC_13" - позиция (41.2, 86.5)
Жаба "NPC_14" - позиция (64.5, 52.4)
Бык "NPC_15" - позиция (86.3, 76.5)
Дракон "NPC_17" - позиция (0.0, 16.3)
Бык "NPC_18" - позиция (70.3, 34.3)
Бык "NPC_19" - позиция (47.0, 54.9)
Жаба "NPC_20" - позиция (23.3, 38.4)
Дракон "NPC_21" - позиция (49.3, 55.8)
Дракон "NPC_22" - позиция (63.5, 100.0)
Бык "NPC_23" - позиция (100.0, 75.6)
Жаба "NPC_24" - позиция (32.4, 64.5)
Дракон "NPC_25" - позиция (30.2, 45.5)
Жаба "NPC_26" - позиция (33.2, 91.3)
Бык "NPC_27" - позиция (43.1, 5.3)
Дракон "NPC_28" - позиция (0.0, 89.3)
Жаба "NPC_29" - позиция (2.3, 24.9)
Дракон "NPC_30" - позиция (24.4, 2.2)
Дракон "NPC_31" - позиция (48.1, 80.3)
Жаба "NPC_32" - позиция (10.7, 16.8)
Дракон "NPC_33" - позиция (16.1, 42.0)
Дракон "NPC_34" - позиция (0.0, 73.3)
Бык "NPC_35" - позиция (0.3, 44.9)
Жаба "NPC_36" - позиция (10.9, 47.0)
Бык "NPC_37" - позиция (0.0, 82.7)
Дракон "NPC_38" - позиция (27.7, 49.6)
Бык "NPC_39" - позиция (90.9, 70.8)
Дракон "NPC_40" - позиция (0.1, 100.0)
Жаба "NPC_41" - позиция (51.5, 84.5)
Жаба "NPC_42" - позиция (43.7, 21.0)
Дракон "NPC_43" - позиция (84.2, 39.3)
Бык "NPC_44" - позиция (94.1, 100.0)
Дракон "NPC_45" - позиция (0.0, 8.0)
Дракон "NPC_46" - позиция (39.2, 68.9)
Бык "NPC_47" - позиция (73.5, 32.8)
Жаба "NPC_48" - позиция (15.4, 23.5)
Дракон "NPC_49" - позиция (49.4, 54.8)
Дракон "NPC_50" - позиция (30.5, 0.0)
Живых NPC: 48
Бой: NPC_25 (Дракон) атакует NPC_5 (Бык) - атака: 5, защита: 3 - NPC_5 убит!
Бой: NPC_43 (Дракон) атакует NPC_6 (Бык) - атака: 3, защита: 2 - NPC_6 убит!
Бой: NPC_25 (Дракон) атакует NPC_11 (Бык) - атака: 5, защита: 1 - NPC_11 убит!

=== Карта (секунда 2) ===
Дракон "NPC_1" - позиция (100.0, 2.2)
Бык "NPC_2" - позиция (39.7, 15.6)
Бык "NPC_3" - позиция (79.1, 34.0)
Дракон "NPC_4" - позиция (100.0, 0.0)
Бык "NPC_7" - позиция (79.4, 40.9)
Бык "NPC_8" - позиция (69.1, 100.0)
Жаба "NPC_9" - позиция (98.8, 62.1)
Жаба "NPC_10" - позиция (9.7, 60.7)
Жаба "NPC_13" - позиция (43.5, 86.4)
Жаба "NPC_14" - позиция (65.3, 52.9)
Бык "NPC_15" - позиция (49.1, 88.1)
Дракон "NPC_17" - позиция (65.7, 100.0)
Бык "NPC_18" - позиция (33.3, 0.0)
Бык "NPC_19" - позиция (30.4, 8.3)
Жаба "NPC_20" - позиция (24.9, 40.9)
Дракон "NPC_21" - позиция (29.9, 100.0)
Дракон "NPC_22" - позиция (20.0, 35.7)
Бык "NPC_23" - позиция (56.8, 63.9)
Жаба "NPC_24" - позиция (33.3, 58.0)
Дракон "NPC_25" - позиция (0.0, 95.1)
Жаба "NPC_26" - позиция (33.5, 88.0)
Бык "NPC_27" - позиция (44.6, 53.9)
Дракон "NPC_28" - позиция (100.0, 0.0)
Жаба "NPC_29" - позиция (0.0, 25.3)
Дракон "NPC_30" - позиция (72.0, 100.0)
Дракон "NPC_31" - позиция (0.0, 67.6)
Жаба "NPC_32" - позиция (9.7, 14.1)
Дракон "NPC_33" - позиция (56.0, 55.2)
Дракон "NPC_34" - позиция (90.1, 29.1)
Бык "NPC_35" - позиция (20.3, 44.9)
Жаба "NPC_36" - позиция (11.2, 46.9)
Бык "NPC_37" - позиция (0.0, 9.0)
Дракон "NPC_38" - позиция (100.0, 0.0)
Бык "NPC_39" - позиция (19.5, 100.0)
Дракон "NPC_40" - позиция (41.5, 100.0)
Жаба "NPC_41" - позиция (53.5, 80.9)
Жаба "NPC_42" - позиция (40.5, 20.4)
Дракон "NPC_43" - позиция (0.0, 0.0)
Бык "NPC_44" - позиция (38.1, 16.0)
Дракон "NPC_45" - позиция (3.7, 0.6)
Дракон "NPC_46" - позиция (96.4, 40.5)
Бык "NPC_47" - позиция (50.6, 58.5)
Жаба "NPC_48" - позиция (15.7, 26.0)
Дракон "NPC_49" - позиция (88.6, 0.0)
Дракон "NPC_50" - позиция (0.0, 27.3)
Живых NPC: 45
Бой: NPC_17 (Дракон) атакует NPC_43 (Дракон) - атака: 3, защита: 2 - NPC_43 убит!
Взаимное уничтожение драконов: NPC_17 также погибает!
Взаимное уничтожение драконов: NPC_43 также погибает!

=== Карта (секунда 3) ===
Дракон "NPC_1" - позиция (74.8, 63.2)
Бык "NPC_2" - позиция (80.1, 100.0)
Бык "NPC_3" - позиция (21.0, 25.7)
Дракон "NPC_4" - позиция (0.0, 58.9)
Бык "NPC_7" - позиция (100.0, 0.0)
Бык "NPC_8" - позиция (73.3, 71.6)
Жаба "NPC_9" - позиция (98.0, 61.6)
Жаба "NPC_10" - позиция (11.6, 64.6)
Жаба "NPC_13" - позиция (41.2, 86.1)
Жаба "NPC_14" - позиция (65.2, 51.7)
Бык "NPC_15" - позиция (22.2, 100.0)
Бык "NPC_18" - позиция (0.0, 0.0)
Бык "NPC_19" - позиция (56.4, 6.5)
Жаба "NPC_20" - позиция (24.4, 43.6)
Дракон "NPC_21" - позиция (100.0, 51.7)
Дракон "NPC_22" - позиция (100.0, 40.4)
Бык "NPC_23" - позиция (100.0, 10.9)
Жаба "NPC_24" - позиция (32.5, 58.8)
Дракон "NPC_25" - позиция (0.0, 97.6)
Жаба "NPC_26" - позиция (30.2, 86.9)
Бык "NPC_27" - позиция (44.9, 34.1)
Дракон "NPC_28" - позиция (16.6, 0.0)
Жаба "NPC_29" - позиция (1.0, 20.9)
Дракон "NPC_30" - позиция (50.2, 0.0)
Дракон "NPC_31" - позиция (11.2, 100.0)
Жаба "NPC_32" - позиция (13.6, 14.1)
Дракон "NPC_33" - позиция (65.3, 75.8)
Дракон "NPC_34" - позиция (60.8, 100.0)
Бык "NPC_35" - позиция (0.0, 37.1)
Жаба "NPC_36" - позиция (10.1, 47.7)
Бык "NPC_37" - позиция (61.3, 19.8)
Дракон "NPC_38" - позиция (52.3, 11.9)
Бык "NPC_39" - позиция (71.5, 100.0)
Дракон "NPC_40" - позиция (0.0, 0.0)
Жаба "NPC_41" - позиция (52.0, 82.4)
Жаба "NPC_42" - позиция (38.5, 20.8)
Бык "NPC_44" - позиция (22.4, 0.0)
Дракон "NPC_45" - позиция (17.0, 100.0)
Дракон "NPC_46" - позиция (71.5, 100.0)
Бык "NPC_47" - позиция (0.0, 68.9)
Жаба "NPC_48" - позиция (14.7, 25.4)
Дракон "NPC_49" - позиция (74.8, 0.0)
Дракон "NPC_50" - позиция (0.0, 100.0)
Живых NPC: 43
Бой: NPC_22 (Дракон) атакует NPC_30 (Дракон) - атака: 3, защита: 3 - NPC_30 выжил!
Бой: NPC_33 (Дракон) атакует NPC_27 (Бык) - атака: 2, защита: 5 - NPC_27 выжил!
Бой: NPC_28 (Дракон) атакует NPC_45 (Дракон) - атака: 2, защита: 6 - NPC_45 выжил!

=== Карта (секунда 4) ===
Дракон "NPC_1" - позиция (100.0, 44.0)
Бык "NPC_2" - позиция (73.3, 49.2)
Бык "NPC_3" - позиция (10.5, 14.9)
Дракон "NPC_4" - позиция (24.1, 0.0)
Бык "NPC_7" - позиция (0.0, 17.5)
Бык "NPC_8" - позиция (0.0, 63.5)
Жаба "NPC_9" - позиция (98.9, 63.3)
Жаба "NPC_10" - позиция (10.6, 61.7)
Жаба "NPC_13" - позиция (41.1, 84.3)
Жаба "NPC_14" - позиция (67.3, 52.1)
Бык "NPC_15" - позиция (100.0, 22.6)
Бык "NPC_18" - позиция (10.1, 41.5)
Бык "NPC_19" - позиция (31.5, 22.8)
Жаба "NPC_20" - позиция (24.2, 41.0)
Дракон "NPC_21" - позиция (94.0, 22.8)
Дракон "NPC_22" - позиция (100.0, 100.0)
Бык "NPC_23" - позиция (80.6, 0.0)
Жаба "NPC_24" - позиция (32.1, 58.7)
Дракон "NPC_25" - позиция (0.0, 51.6)
Жаба "NPC_26" - позиция (32.0, 85.4)
Бык "NPC_27" - позиция (0.0, 61.3)
Дракон "NPC_28" - позиция (100.0, 26.8)
Жаба "NPC_29" - позиция (1.7, 17.2)
Дракон "NPC_30" - позиция (13.9, 64.5)
Дракон "NPC_31" - позиция (100.0, 63.9)
Жаба "NPC_32" - позиция (16.7, 11.6)
Дракон "NPC_33" - позиция (50.0, 26.5)
Дракон "NPC_34" - позиция (0.0, 49.3)
Бык "NPC_35" - позиция (26.4, 0.0)
Жаба "NPC_36" - позиция (9.2, 48.6)
Бык "NPC_37" - позиция (0.0, 55.8)
Дракон "NPC_38" - позиция (52.0, 0.0)
Бык "NPC_39" - позиция (45.6, 24.5)
Дракон "NPC_40" - позиция (2.7, 82.9)
Жаба "NPC_41" - позиция (54.3, 81.3)
Жаба "NPC_42" - позиция (40.9, 22.2)
Бык "NPC_44" - позиция (60.7, 21.1)
Дракон "NPC_45" - позиция (100.0, 15.8)
Дракон "NPC_46" - позиция (30.4, 33.5)
Бык "NPC_47" - позиция (76.5, 79.9)
Жаба "NPC_48" - позиция (14.0, 25.7)
Дракон "NPC_49" - позиция (60.8, 56.5)
Дракон "NPC_50" - позиция (54.4, 100.0)
Живых NPC: 43
Бой: NPC_45 (Дракон) атакует NPC_28 (Дракон) - атака: 6, защита: 1 - NPC_28 убит!
Взаимное уничтожение драконов: NPC_45 также погибает!
Взаимное уничтожение драконов: NPC_33 также погибает!
Взаимное уничтожение драконов: NPC_43 также погибает!
Бой: NPC_34 (Дракон) атакует NPC_46 (Дракон) - атака: 5, защита: 2 - NPC_46 убит!
Взаимное уничтожение драконов: NPC_34 также погибает!
Взаимное уничтожение драконов: NPC_46 также погибает!
Взаимное уничтожение драконов: NPC_49 также погибает!
Бой: NPC_40 (Дракон) атакует NPC_44 (Бык) - атака: 3, защита: 3 - NPC_44 выжил!

=== Карта (секунда 5) ===
Дракон "NPC_1" - позиция (56.3, 14.9)
Бык "NPC_2" - позиция (100.0, 77.6)
Бык "NPC_3" - позиция (0.0, 15.4)
Дракон "NPC_4" - позиция (91.5, 84.1)
Бык "NPC_7" - позиция (77.4, 50.6)
Бык "NPC_8" - позиция (0.0, 98.7)
Жаба "NPC_9" - позиция (99.7, 64.2)
Жаба "NPC_10" - позиция (12.1, 62.0)
Жаба "NPC_13" - позиция (39.3, 83.1)
Жаба "NPC_14" - позиция (67.9, 51.4)
Бык "NPC_15" - позиция (67.0, 0.0)
Бык "NPC_18" - позиция (50.7, 29.1)
Бык "NPC_19" - позиция (28.1, 0.0)
Жаба "NPC_20" - позиция (27.5, 42.1)
Дракон "NPC_21" - позиция (100.0, 23.9)
Дракон "NPC_22" - позиция (84.5, 0.0)
Бык "NPC_23" - позиция (34.5, 29.9)
Жаба "NPC_24" - позиция (29.8, 63.4)
Дракон "NPC_25" - позиция (60.0, 53.9)
Жаба "NPC_26" - позиция (33.3, 79.9)
Бык "NPC_27" - позиция (0.0, 0.0)
Жаба "NPC_29" - позиция (3.1, 15.4)
Дракон "NPC_30" - позиция (34.3, 21.9)
Дракон "NPC_31" - позиция (59.0, 100.0)
Жаба "NPC_32" - позиция (23.5, 13.2)
Бык "NPC_35" - позиция (100.0, 19.6)
Жаба "NPC_36" - позиция (4.4, 47.5)
Бык "NPC_37" - позиция (32.6, 47.5)
Дракон "NPC_38" - позиция (0.0, 28.0)
Бык "NPC_39" - позиция (100.0, 92.3)
Дракон "NPC_40" - позиция (50.9, 0.0)
Жаба "NPC_41" - позиция (55.6, 82.3)
Жаба "NPC_42" - позиция (38.3, 20.1)
Бык "NPC_44" - позиция (48.7, 0.0)
Бык "NPC_47" - позиция (83.3, 97.8)
Жаба "NPC_48" - позиция (15.9, 26.7)
Дракон "NPC_50" - позиция (49.5, 92.6)
Живых NPC: 37
Взаимное уничтожение драконов: NPC_40 также погибает!
Взаимное уничтожение драконов: NPC_49 также погибает!
Взаимное уничтожение драконов: NPC_50 также погибает!
Бой: NPC_1 (Дракон) атакует NPC_8 (Бык) - атака: 3, защита: 1 - NPC_8 убит!

=== Карта (секунда 6) ===
Дракон "NPC_1" - позиция (81.1, 100.0)
Бык "NPC_2" - позиция (0.0, 94.0)
Бык "NPC_3" - позиция (82.7, 13.8)
Дракон "NPC_4" - позиция (0.0, 40.2)
Бык "NPC_7" - позиция (27.4, 100.0)
Жаба "NPC_9" - позиция (100.0, 67.4)
Жаба "NPC_10" - позиция (11.7, 67.0)
Жаба "NPC_13" - позиция (37.1, 87.1)
Жаба "NPC_14" - позиция (67.4, 50.4)
Бык "NPC_15" - позиция (100.0, 0.0)
Бык "NPC_18" - позиция (0.0, 16.8)
Бык "NPC_19" - позиция (50.2, 18.3)
Жаба "NPC_20" - позиция (27.9, 43.7)
Дракон "NPC_21" - позиция (59.9, 100.0)
Дракон "NPC_22" - позиция (0.9, 50.0)
Бык "NPC_23" - позиция (70.4, 15.8)
Жаба "NPC_24" - позиция (26.9, 62.8)
Дракон "NPC_25" - позиция (44.1, 100.0)
Жаба "NPC_26" - позиция (29.5, 81.6)
Бык "NPC_27" - позиция (77.1, 69.7)
Жаба "NPC_29" - позиция (3.6, 15.2)
Дракон "NPC_30" - позиция (83.7, 100.0)
Дракон "NPC_31" - позиция (0.0, 60.3)
Жаба "NPC_32" - позиция (29.2, 16.4)
Бык "NPC_35" - позиция (53.2, 98.5)
Жаба "NPC_36" - позиция (4.3, 48.0)
Бык "NPC_37" - позиция (21.6, 21.3)
Дракон "NPC_38" - позиция (30.8, 0.0)
Бык "NPC_39" - позиция (79.7, 81.4)
Жаба "NPC_41" - позиция (55.0, 81.8)
Жаба "NPC_42" - позиция (38.2, 21.1)
Бык "NPC_44" - позиция (52.1, 32.9)
Бык "NPC_47" - позиция (43.1, 66.0)
Жаба "NPC_48" - позиция (15.6, 27.8)
Живых NPC: 34
Бой: NPC_4 (Дракон) атакует NPC_47 (Бык) - атака: 6, защита: 4 - NPC_47 убит!

=== Карта (секунда 7) ===
Дракон "NPC_1" - позиция (60.7, 39.5)
Бык "NPC_2" - позиция (78.1, 47.2)
Бык "NPC_3" - позиция (67.9, 17.7)
Дракон "NPC_4" - позиция (75.0, 100.0)
Бык "NPC_7" - позиция (87.2, 77.7)
Жаба "NPC_9" - позиция (98.3, 67.4)
Жаба "NPC_10" - позиция (14.0, 65.5)
Жаба "NPC_13" - позиция (37.8, 90.5)
Жаба "NPC_14" - позиция (68.7, 56.6)
Бык "NPC_15" - позиция (53.1, 0.0)
Бык "NPC_18" - позиция (18.4, 0.0)
Бык "NPC_19" - позиция (16.7, 75.1)
Жаба "NPC_20" - позиция (30.4, 41.9)
Дракон "NPC_21" - позиция (100.0, 86.9)
Дракон "NPC_22" - позиция (62.7, 100.0)
Бык "NPC_23" - позиция (15.0, 66.0)
Жаба "NPC_24" - позиция (27.4, 66.0)
Дракон "NPC_25" - позиция (73.5, 55.7)
Жаба "NPC_26" - позиция (31.2, 76.9)
Бык "NPC_27" - позиция (69.9, 100.0)
Жаба "NPC_29" - позиция (5.6, 15.3)
Дракон "NPC_30" - позиция (19.6, 100.0)
Дракон "NPC_31" - позиция (100.0, 100.0)
Жаба "NPC_32" - позиция (27.9, 16.9)
Бык "NPC_35" - позиция (50.2, 100.0)
Жаба "NPC_36" - позиция (1.7, 44.0)
Бык "NPC_37" - позиция (38.8, 62.9)
Дракон "NPC_38" - позиция (31.4, 81.6)
Бык "NPC_39" - позиция (70.9, 81.9)
Жаба "NPC_41" - позиция (54.6, 84.9)
Жаба "NPC_42" - позиция (37.0, 19.9)
Бык "NPC_44" - позиция (99.2, 95.8)
Жаба "NPC_48" - позиция (16.4, 26.9)
Живых NPC: 33
Взаимное уничтожение драконов: NPC_25 также погибает!
Взаимное уничтожение драконов: NPC_17 также погибает!
Взаимное уничтожение драконов: NPC_28 также погибает!
Взаимное уничтожение драконов: NPC_17 также погибает!
Взаимное уничтожение драконов: NPC_45 также погибает!

=== Карта (секунда 8) ===
Дракон "NPC_1" - позиция (1.2, 100.0)
Бык "NPC_2" - позиция (17.7, 84.0)
Бык "NPC_3" - позиция (0.0, 98.7)
Дракон "NPC_4" - позиция (50.0, 100.0)
Бык "NPC_7" - позиция (59.1, 61.7)
Жаба "NPC_9" - позиция (99.2, 67.2)
Жаба "NPC_10" - позиция (14.7, 65.0)
Жаба "NPC_13" - позиция (35.8, 90.9)
Жаба "NPC_14" - позиция (68.6, 53.9)
Бык "NPC_15" - позиция (33.3, 61.5)
Бык "NPC_18" - позиция (0.0, 45.1)
Бык "NPC_19" - позиция (0.0, 100.0)
Жаба "NPC_20" - позиция (34.2, 44.9)
Дракон "NPC_21" - позиция (84.7, 54.4)
Дракон "NPC_22" - позиция (15.7, 68.1)
Бык "NPC_23" - позиция (29.1, 51.1)
Жаба "NPC_24" - позиция (26.4, 66.3)
Жаба "NPC_26" - позиция (33.7, 74.7)
Бык "NPC_27" - позиция (55.2, 71.2)
Жаба "NPC_29" - позиция (5.4, 18.9)
Дракон "NPC_30" - позиция (0.0, 30.5)
Дракон "NPC_31" - позиция (19.5, 68.8)
Жаба "NPC_32" - позиция (30.2, 17.9)
Бык "NPC_35" - позиция (100.0, 38.7)
Жаба "NPC_36" - позиция (0.0, 45.2)
Бык "NPC_37" - позиция (73.9, 71.6)
Дракон "NPC_38" - позиция (100.0, 29.1)
Бык "NPC_39" - позиция (49.1, 100.0)
Жаба "NPC_41" - позиция (57.1, 87.3)
Жаба "NPC_42" - позиция (36.5, 16.0)
Бык "NPC_44" - позиция (72.3, 100.0)
Жаба "NPC_48" - позиция (16.0, 26.9)
Живых NPC: 32
Взаимное уничтожение драконов: NPC_25 также погибает!
Взаимное уничтожение драконов: NPC_28 также погибает!
Взаимное уничтожение драконов: NPC_25 также погибает!
Взаимное уничтожение драконов: NPC_45 также погибает!
Взаимное уничтожение драконов: NPC_28 также погибает!
Взаимное уничтожение драконов: NPC_45 также погибает!
Взаимное уничтожение драконов: NPC_30 также погибает!
Взаимное уничтожение драконов: NPC_43 также погибает!
Взаимное уничтожение драконов: NPC_31 также погибает!
Взаимное уничтожение драконов: NPC_33 также погибает!
Взаимное уничтожение драконов: NPC_31 также погибает!
Взаимное уничтожение драконов: NPC_40 также погибает!
Взаимное уничтожение драконов: NPC_31 также погибает!

=== Карта (секунда 9) ===
Дракон "NPC_1" - позиция (51.9, 38.3)
Бык "NPC_2" - позиция (0.0, 51.6)
Бык "NPC_3" - позиция (75.8, 39.8)
Дракон "NPC_4" - позиция (100.0, 0.0)
Бык "NPC_7" - позиция (100.0, 71.3)
Жаба "NPC_9" - позиция (97.7, 65.9)
Жаба "NPC_10" - позиция (13.3, 61.8)
Жаба "NPC_13" - позиция (33.6, 92.1)
Жаба "NPC_14" - позиция (67.2, 58.4)
Бык "NPC_15" - позиция (23.3, 76.8)
Бык "NPC_18" - позиция (38.0, 55.2)
Бык "NPC_19" - позиция (8.5, 71.2)
Жаба "NPC_20" - позиция (32.3, 48.3)
Дракон "NPC_21" - позиция (0.0, 74.6)
Дракон "NPC_22" - позиция (89.5, 48.9)
Бык "NPC_23" - позиция (100.0, 92.9)
Жаба "NPC_24" - позиция (25.5, 65.0)
Жаба "NPC_26" - позиция (32.5, 72.8)
Бык "NPC_27" - позиция (50.1, 51.4)
Жаба "NPC_29" - позиция (6.0, 19.9)
Жаба "NPC_32" - позиция (27.8, 16.1)
Бык "NPC_35" - позиция (64.6, 4.4)
Жаба "NPC_36" - позиция (1.4, 42.1)
Бык "NPC_37" - позиция (100.0, 18.6)
Дракон "NPC_38" - позиция (55.3, 0.0)
Бык "NPC_39" - позиция (25.3, 42.4)
Жаба "NPC_41" - позиция (57.3, 86.9)
Жаба "NPC_42" - позиция (33.8, 16.6)
Бык "NPC_44" - позиция (81.1, 93.0)
Жаба "NPC_48" - позиция (13.1, 25.8)
Живых NPC: 30
Взаимное уничтожение драконов: NPC_46 также погибает!
Взаимное уничтожение драконов: NPC_33 также погибает!
Взаимное уничтожение драконов: NPC_46 также погибает!
Взаимное уничтожение драконов: NPC_38 также погибает!
Взаимное уничтожение драконов: NPC_49 также погибает!
Взаимное уничтожение драконов: NPC_40 также погибает!
Взаимное уничтожение драконов: NPC_50 также погибает!
Взаимное уничтожение драконов: NPC_1 также погибает!
Взаимное уничтожение драконов: NPC_17 также погибает!
Взаимное уничтожение драконов: NPC_22 также погибает!
Взаимное уничтожение драконов: NPC_1 также погибает!

=== Карта (секунда 10) ===
Бык "NPC_2" - позиция (36.9, 53.8)
Бык "NPC_3" - позиция (33.3, 21.6)
Дракон "NPC_4" - позиция (72.9, 0.0)
Бык "NPC_7" - позиция (82.9, 100.0)
Жаба "NPC_9" - позиция (100.0, 68.4)
Жаба "NPC_10" - позиция (12.4, 60.9)
Жаба "NPC_13" - позиция (34.4, 88.1)
Жаба "NPC_14" - позиция (64.0, 59.8)
Бык "NPC_15" - позиция (76.3, 40.2)
Бык "NPC_18" - позиция (58.0, 24.7)
Бык "NPC_19" - позиция (3.1, 36.2)
Жаба "NPC_20" - позиция (34.9, 44.0)
Дракон "NPC_21" - позиция (0.0, 55.5)
Бык "NPC_23" - позиция (27.4, 44.0)
Жаба "NPC_24" - позиция (30.6, 63.9)
Жаба "NPC_26" - позиция (27.5, 75.3)
Бык "NPC_27" - позиция (56.9, 50.9)
Жаба "NPC_29" - позиция (6.5, 18.4)
Жаба "NPC_32" - позиция (32.4, 16.4)
Бык "NPC_35" - позиция (100.0, 64.9)
Жаба "NPC_36" - позиция (0.7, 47.6)
Бык "NPC_37" - позиция (26.5, 17.1)
Бык "NPC_39" - позиция (4.6, 73.7)
Жаба "NPC_41" - позиция (57.3, 89.7)
Жаба "NPC_42" - позиция (32.9, 15.5)
Бык "NPC_44" - позиция (23.5, 69.9)
Жаба "NPC_48" - позиция (14.6, 29.2)
Живых NPC: 27
Взаимное уничтожение драконов: NPC_25 также погибает!
Взаимное уничтожение драконов: NPC_1 также погибает!
Взаимное уничтожение драконов: NPC_28 также погибает!
Взаимное уничтожение драконов: NPC_1 также погибает!
Взаимное уничтожение драконов: NPC_43 также погибает!
Взаимное уничтожение драконов: NPC_1 также погибает!
Взаимное уничтожение драконов: NPC_50 также погибает!
Взаимное уничтожение драконов: NPC_4 также погибает!
Взаимное уничтожение драконов: NPC_45 также погибает!

=== Карта (секунда 11) ===
Бык "NPC_2" - позиция (100.0, 79.0)
Бык "NPC_3" - позиция (100.0, 67.0)
Бык "NPC_7" - позиция (68.8, 100.0)
Жаба "NPC_9" - позиция (98.6, 69.8)
Жаба "NPC_10" - позиция (10.5, 57.9)
Жаба "NPC_13" - позиция (31.6, 90.3)
Жаба "NPC_14" - позиция (61.4, 58.9)
Бык "NPC_15" - позиция (100.0, 60.2)
Бык "NPC_18" - позиция (27.7, 88.4)
Бык "NPC_19" - позиция (100.0, 8.9)
Жаба "NPC_20" - позиция (33.6, 42.9)
Дракон "NPC_21" - позиция (100.0, 53.7)
Бык "NPC_23" - позиция (31.6, 0.0)
Жаба "NPC_24" - позиция (30.0, 68.6)
Жаба "NPC_26" - позиция (30.4, 75.3)
Бык "NPC_27" - позиция (69.7, 56.1)
Жаба "NPC_29" - позиция (11.8, 21.7)
Жаба "NPC_32" - позиция (31.3, 15.1)
Бык "NPC_35" - позиция (90.6, 0.0)
Жаба "NPC_36" - позиция (1.6, 45.5)
Бык "NPC_37" - позиция (42.0, 38.4)
Бык "NPC_39" - позиция (14.0, 47.7)
Жаба "NPC_41" - позиция (58.1, 92.6)
Жаба "NPC_42" - позиция (36.1, 17.2)
Бык "NPC_44" - позиция (27.1, 54.1)
Жаба "NPC_48" - позиция (17.6, 29.0)
Живых NPC: 26

=== Карта (секунда 12) ===
Бык "NPC_2" - позиция (93.9, 67.6)
Бык "NPC_3" - позиция (94.8, 0.0)
Бык "NPC_7" - позиция (86.1, 53.4)
Жаба "NPC_9" - позиция (96.7, 68.5)
Жаба "NPC_10" - позиция (10.4, 56.9)
Жаба "NPC_13" - позиция (29.8, 89.2)
Жаба "NPC_14" - позиция (62.0, 61.8)
Бык "NPC_15" - позиция (77.7, 35.2)
Бык "NPC_18" - позиция (0.0, 30.7)
Бык "NPC_19" - позиция (77.5, 77.8)
Жаба "NPC_20" - позиция (30.4, 44.3)
Дракон "NPC_21" - позиция (14.6, 0.0)
Бык "NPC_23" - позиция (100.0, 34.3)
Жаба "NPC_24" - позиция (30.4, 71.1)
Жаба "NPC_26" - позиция (33.6, 73.1)
Бык "NPC_27" - позиция (100.0, 100.0)
Жаба "NPC_29" - позиция (11.9, 24.6)
Жаба "NPC_32" - позиция (33.2, 14.3)
Бык "NPC_35" - позиция (70.0, 0.0)
Жаба "NPC_36" - позиция (0.0, 44.3)
Бык "NPC_37" - позиция (7.7, 10.0)
Бык "NPC_39" - позиция (95.3, 68.0)
Жаба "NPC_41" - позиция (54.2, 93.2)
Жаба "NPC_42" - позиция (38.6, 17.8)
Бык "NPC_44" - позиция (75.2, 69.1)
Жаба "NPC_48" - позиция (17.2, 28.3)
Живых NPC: 26
Взаимное уничтожение драконов: NPC_17 также погибает!
Взаимное уничтожение драконов: NPC_22 также погибает!
Взаимное уничтожение драконов: NPC_17 также погибает!
Взаимное уничтожение драконов: NPC_25 также погибает!
Взаимное уничтожение драконов: NPC_17 также погибает!
Взаимное уничтожение драконов: NPC_28 также погибает!
Взаимное уничтожение драконов: NPC_17 также погибает!
Взаимное уничтожение драконов: NPC_43 также погибает!
Взаимное уничтожение драконов: NPC_17 также погибает!
Взаимное уничтожение драконов: NPC_50 также погибает!

=== Карта (секунда 13) ===
Бык "NPC_2" - позиция (0.0, 86.3)
Бык "NPC_3" - позиция (24.7, 79.4)
Бык "NPC_7" - позиция (33.3, 26.4)
Жаба "NPC_9" - позиция (95.5, 66.3)
Жаба "NPC_10" - позиция (11.0, 55.1)
Жаба "NPC_13" - позиция (31.0, 89.3)
Жаба "NPC_14" - позиция (59.0, 61.0)
Бык "NPC_15" - позиция (64.5, 70.2)
Бык "NPC_18" - позиция (0.0, 100.0)
Бык "NPC_19" - позиция (52.1, 100.0)
Жаба "NPC_20" - позиция (31.3, 43.8)
Дракон "NPC_21" - позиция (75.2, 88.5)
Бык "NPC_23" - позиция (48.1, 0.0)
Жаба "NPC_24" - позиция (32.1, 74.2)
Жаба "NPC_26" - позиция (31.9, 71.9)
Бык "NPC_27" - позиция (100.0, 7.2)
Жаба "NPC_29" - позиция (14.5, 22.5)
Жаба "NPC_32" - позиция (34.4, 14.6)
Бык "NPC_35" - позиция (90.5, 0.0)
Жаба "NPC_36" - позиция (0.0, 43.0)
Бык "NPC_37" - позиция (45.3, 45.4)
Бык "NPC_39" - позиция (100.0, 2.5)
Жаба "NPC_41" - позиция (50.7, 93.2)
Жаба "NPC_42" - позиция (41.7, 17.2)
Бык "NPC_44" - позиция (100.0, 82.7)
Жаба "NPC_48" - позиция (14.0, 29.7)
Живых NPC: 26
Взаимное уничтожение драконов: NPC_22 также погибает!
Взаимное уничтожение драконов: NPC_25 также погибает!
Взаимное уничтожение драконов: NPC_22 также погибает!
Взаимное уничтожение драконов: NPC_28 также погибает!
Взаимное уничтожение драконов: NPC_22 также погибает!
Взаимное уничтожение драконов: NPC_43 также погибает!
Взаимное уничтожение драконов: NPC_25 также погибает!
Взаимное уничтожение драконов: NPC_28 также погибает!
Взаимное уничтожение драконов: NPC_25 также погибает!
Взаимное уничтожение драконов: NPC_43 также погибает!

=== Карта (секунда 14) ===
Бык "NPC_2" - позиция (100.0, 92.0)
Бык "NPC_3" - позиция (0.0, 100.0)
Бык "NPC_7" - позиция (54.8, 87.5)
Жаба "NPC_9" - позиция (94.8, 71.2)
Жаба "NPC_10" - позиция (11.8, 54.9)
Жаба "NPC_13" - позиция (28.1, 89.2)
Жаба "NPC_14" - позиция (62.7, 64.0)
Бык "NPC_15" - позиция (37.9, 78.4)
Бык "NPC_18" - позиция (0.0, 26.2)
Бык "NPC_19" - позиция (0.0, 0.0)
Жаба "NPC_20" - позиция (31.1, 45.8)
Дракон "NPC_21" - позиция (76.6, 56.6)
Бык "NPC_23" - позиция (56.0, 0.0)
Жаба "NPC_24" - позиция (31.1, 73.7)
Жаба "NPC_26" - позиция (30.2, 70.9)
Бык "NPC_27" - позиция (34.3, 0.0)
Жаба "NPC_29" - позиция (16.6, 25.4)
Жаба "NPC_32" - позиция (33.0, 12.9)
Бык "NPC_35" - позиция (74.2, 25.4)
Жаба "NPC_36" - позиция (2.7, 47.8)
Бык "NPC_37" - позиция (79.6, 38.8)
Бык "NPC_39" - позиция (33.2, 16.2)
Жаба "NPC_41" - позиция (51.4, 89.4)
Жаба "NPC_42" - позиция (42.1, 19.1)
Бык "NPC_44" - позиция (64.8, 100.0)
Жаба "NPC_48" - позиция (11.9, 29.3)
Живых NPC: 26
Взаимное уничтожение драконов: NPC_28 также погибает!
Взаимное уничтожение драконов: NPC_43 также погибает!
Взаимное уничтожение драконов: NPC_28 также погибает!
Взаимное уничтожение драконов: NPC_50 также погибает!
Взаимное уничтожение драконов: NPC_30 также погибает!
Взаимное уничтожение драконов: NPC_31 также погибает!
Взаимное уничтожение драконов: NPC_31 также погибает!
Взаимное уничтожение драконов: NPC_33 также погибает!
Взаимное уничтожение драконов: NPC_34 также погибает!
Взаимное уничтожение драконов: NPC_38 также погибает!
Взаимное уничтожение драконов: NPC_34 также погибает!
Взаимное уничтожение драконов: NPC_49 также погибает!

=== Карта (секунда 15) ===
Бык "NPC_2" - позиция (62.8, 70.9)
Бык "NPC_3" - позиция (8.4, 0.0)
Бык "NPC_7" - позиция (0.0, 49.1)
Жаба "NPC_9" - позиция (93.8, 67.1)
Жаба "NPC_10" - позиция (10.5, 56.7)
Жаба "NPC_13" - позиция (26.6, 92.8)
Жаба "NPC_14" - позиция (62.5, 64.2)
Бык "NPC_15" - позиция (100.0, 35.6)
Бык "NPC_18" - позиция (93.6, 56.7)
Бык "NPC_19" - позиция (37.5, 58.5)
Жаба "NPC_20" - позиция (27.2, 46.2)
Дракон "NPC_21" - позиция (91.7, 14.4)
Бык "NPC_23" - позиция (87.8, 0.0)
Жаба "NPC_24" - позиция (27.8, 75.7)
Жаба "NPC_26" - позиция (32.8, 73.9)
Бык "NPC_27" - позиция (73.1, 48.7)
Жаба "NPC_29" - позиция (17.0, 23.2)
Жаба "NPC_32" - позиция (32.6, 12.4)
Бык "NPC_35" - позиция (68.5, 73.7)
Жаба "NPC_36" - позиция (3.8, 47.4)
Бык "NPC_37" - позиция (68.0, 100.0)
Бык "NPC_39" - позиция (91.1, 0.0)
Жаба "NPC_41" - позиция (52.0, 91.4)
Жаба "NPC_42" - позиция (41.1, 23.8)
Бык "NPC_44" - позиция (20.7, 28.2)
Жаба "NPC_48" - позиция (13.5, 28.9)
Живых NPC: 26
Взаимное уничтожение драконов: NPC_38 также погибает!
Взаимное уничтожение драконов: NPC_49 также погибает!
Взаимное уничтожение драконов: NPC_43 также погибает!
Взаимное уничтожение драконов: NPC_50 также погибает!
Взаимное уничтожение драконов: NPC_1 также погибает!
Взаимное уничтожение драконов: NPC_31 также погибает!
Взаимное уничтожение драконов: NPC_1 также погибает!
Взаимное уничтожение драконов: NPC_33 также погибает!

=== Карта (секунда 16) ===
Бык "NPC_2" - позиция (51.4, 86.2)
Бык "NPC_3" - позиция (23.7, 45.2)
Бык "NPC_7" - позиция (100.0, 55.2)
Жаба "NPC_9" - позиция (96.4, 65.6)
Жаба "NPC_10" - позиция (11.7, 59.5)
Жаба "NPC_13" - позиция (25.1, 93.8)
Жаба "NPC_14" - позиция (62.4, 64.7)
Бык "NPC_15" - позиция (62.8, 0.0)
Бык "NPC_18" - позиция (82.0, 61.7)
Бык "NPC_19" - позиция (31.1, 100.0)
Жаба "NPC_20" - позиция (22.7, 47.2)
Дракон "NPC_21" - позиция (100.0, 18.5)
Бык "NPC_23" - позиция (68.1, 67.9)
Жаба "NPC_24" - позиция (33.5, 75.9)
Жаба "NPC_26" - позиция (33.9, 75.4)
Бык "NPC_27" - позиция (53.1, 14.3)
Жаба "NPC_29" - позиция (14.6, 24.1)
Жаба "NPC_32" - позиция (33.8, 11.0)
Бык "NPC_35" - позиция (80.0, 40.5)
Жаба "NPC_36" - позиция (3.5, 45.8)
Бык "NPC_37" - позиция (0.0, 77.7)
Бык "NPC_39" - позиция (72.3, 80.8)
Жаба "NPC_41" - позиция (52.2, 92.4)
Жаба "NPC_42" - позиция (41.4, 21.7)
Бык "NPC_44" - позиция (53.1, 97.6)
Жаба "NPC_48" - позиция (16.1, 29.1)
Живых NPC: 26
Взаимное уничтожение драконов: NPC_4 также погибает!
Взаимное уничтожение драконов: NPC_45 также погибает!
Взаимное уничтожение драконов: NPC_4 также погибает!
Взаимное уничтожение драконов: NPC_46 также погибает!

=== Карта (секунда 17) ===
Бык "NPC_2" - позиция (83.9, 0.0)
Бык "NPC_3" - позиция (46.6, 0.0)
Бык "NPC_7" - позиция (100.0, 100.0)
Жаба "NPC_9" - позиция (94.4, 68.0)
Жаба "NPC_10" - позиция (14.4, 62.5)
Жаба "NPC_13" - позиция (25.6, 92.1)
Жаба "NPC_14" - позиция (59.8, 65.7)
Бык "NPC_15" - позиция (8.6, 100.0)
Бык "NPC_18" - позиция (70.8, 57.3)
Бык "NPC_19" - позиция (32.2, 31.2)
Жаба "NPC_20" - позиция (24.1, 47.2)
Дракон "NPC_21" - позиция (0.0, 0.0)
Бык "NPC_23" - позиция (39.8, 42.6)
Жаба "NPC_24" - позиция (37.6, 77.7)
Жаба "NPC_26" - позиция (34.5, 74.2)
Бык "NPC_27" - позиция (0.0, 25.2)
Жаба "NPC_29" - позиция (16.0, 22.7)
Жаба "NPC_32" - позиция (29.8, 11.9)
Бык "NPC_35" - позиция (71.5, 98.9)
Жаба "NPC_36" - позиция (0.0, 47.3)
Бык "NPC_37" - позиция (22.7, 100.0)
Бык "NPC_39" - позиция (100.0, 100.0)
Жаба "NPC_41" - позиция (51.6, 93.3)
Жаба "NPC_42" - позиция (40.4, 25.2)
Бык "NPC_44" - позиция (72.0, 21.2)
Жаба "NPC_48" - позиция (20.3, 32.2)
Живых NPC: 26
Бой: NPC_23 (Бык) атакует NPC_13 (Жаба) - атака: 2, защита: 1 - NPC_13 убит!
Взаимное уничтожение драконов: NPC_17 также погибает!
Взаимное уничтожение драконов: NPC_22 также погибает!

=== Карта (секунда 18) ===
Бык "NPC_2" - позиция (68.6, 60.4)
Бык "NPC_3" - позиция (99.7, 70.0)
Бык "NPC_7" - позиция (100.0, 57.6)
Жаба "NPC_9" - позиция (94.8, 70.3)
Жаба "NPC_10" - позиция (14.0, 62.6)
Жаба "NPC_14" - позиция (58.0, 60.4)
Бык "NPC_15" - позиция (0.0, 45.8)
Бык "NPC_18" - позиция (62.4, 70.3)
Бык "NPC_19" - позиция (100.0, 58.1)
Жаба "NPC_20" - позиция (23.7, 51.9)
Дракон "NPC_21" - позиция (58.9, 0.0)
Бык "NPC_23" - позиция (0.0, 100.0)
Жаба "NPC_24" - позиция (40.4, 77.7)
Жаба "NPC_26" - позиция (33.6, 70.2)
Бык "NPC_27" - позиция (14.3, 0.0)
Жаба "NPC_29" - позиция (14.6, 22.9)
Жаба "NPC_32" - позиция (30.0, 16.8)
Бык "NPC_35" - позиция (98.3, 100.0)
Жаба "NPC_36" - позиция (2.5, 43.6)
Бык "NPC_37" - позиция (21.6, 67.2)
Бык "NPC_39" - позиция (100.0, 99.0)
Жаба "NPC_41" - позиция (51.6, 93.5)
Жаба "NPC_42" - позиция (38.6, 22.6)
Бык "NPC_44" - позиция (0.0, 59.2)
Жаба "NPC_48" - позиция (21.2, 30.4)
Живых NPC: 25
Взаимное уничтожение драконов: NPC_21 также погибает!
Взаимное уничтожение драконов: NPC_38 также погибает!
Взаимное уничтожение драконов: NPC_21 также погибает!
Взаимное уничтожение драконов: NPC_43 также погибает!
Взаимное уничтожение драконов: NPC_25 также погибает!
Взаимное уничтожение драконов: NPC_43 также погибает!
Взаимное уничтожение драконов: NPC_25 также погибает!
Взаимное уничтожение драконов: NPC_50 также погибает!
Взаимное уничтожение драконов: NPC_33 также погибает!
Взаимное уничтожение драконов: NPC_40 также погибает!

=== Карта (секунда 19) ===
Бык "NPC_2" - позиция (71.6, 20.4)
Бык "NPC_3" - позиция (100.0, 96.1)
Бык "NPC_7" - позиция (61.5, 32.8)
Жаба "NPC_9" - позиция (95.5, 68.7)
Жаба "NPC_10" - позиция (15.1, 65.0)
Жаба "NPC_14" - позиция (60.0, 60.1)
Бык "NPC_15" - позиция (30.8, 0.0)
Бык "NPC_18" - позиция (67.1, 43.5)
Бык "NPC_19" - позиция (73.4, 82.4)
Жаба "NPC_20" - позиция (22.2, 49.0)
Бык "NPC_23" - позиция (77.8, 56.4)
Жаба "NPC_24" - позиция (39.0, 75.0)
Жаба "NPC_26" - позиция (33.3, 69.3)
Бык "NPC_27" - позиция (100.0, 25.7)
Жаба "NPC_29" - позиция (18.2, 21.8)
Жаба "NPC_32" - позиция (32.3, 15.6)
Бык "NPC_35" - позиция (97.2, 29.1)
Жаба "NPC_36" - позиция (2.2, 45.1)
Бык "NPC_37" - позиция (42.9, 19.3)
Бык "NPC_39" - позиция (28.0, 20.1)
Жаба "NPC_41" - позиция (49.6, 95.4)
Жаба "NPC_42" - позиция (38.7, 18.1)
Бык "NPC_44" - позиция (52.6, 27.5)
Жаба "NPC_48" - позиция (17.9, 26.0)
Живых NPC: 24
Взаимное уничтожение драконов: NPC_33 также погибает!
Взаимное уничтожение драконов: NPC_49 также погибает!
Взаимное уничтожение драконов: NPC_33 также погибает!
Взаимное уничтожение драконов: NPC_50 также погибает!
Взаимное уничтожение драконов: NPC_34 также погибает!
Взаимное уничтожение драконов: NPC_49 также погибает!
Взаимное уничтожение драконов: NPC_38 также погибает!
Взаимное уничтожение драконов: NPC_43 также погибает!
Взаимное уничтожение драконов: NPC_40 также погибает!
Взаимное уничтожение драконов: NPC_43 также погибает!
Взаимное уничтожение драконов: NPC_40 также погибает!
Взаимное уничтожение драконов: NPC_50 также погибает!

=== Карта (секунда 20) ===
Бык "NPC_2" - позиция (75.8, 0.0)
Бык "NPC_3" - позиция (52.8, 100.0)
Бык "NPC_7" - позиция (49.8, 100.0)
Жаба "NPC_9" - позиция (100.0, 69.1)
Жаба "NPC_10" - позиция (13.4, 63.4)
Жаба "NPC_14" - позиция (62.5, 61.0)
Бык "NPC_15" - позиция (73.2, 0.0)
Бык "NPC_18" - позиция (100.0, 7.6)
Бык "NPC_19" - позиция (100.0, 83.2)
Жаба "NPC_20" - позиция (25.5, 48.0)
Бык "NPC_23" - позиция (3.2, 53.1)
Жаба "NPC_24" - позиция (41.8, 78.8)
Жаба "NPC_26" - позиция (34.9, 70.4)
Бык "NPC_27" - позиция (53.7, 70.2)
Жаба "NPC_29" - позиция (20.2, 21.9)
Жаба "NPC_32" - позиция (32.6, 14.8)
Бык "NPC_35" - позиция (21.9, 27.6)
Жаба "NPC_36" - позиция (1.2, 45.1)
Бык "NPC_37" - позиция (51.2, 14.0)
Бык "NPC_39" - позиция (24.2, 0.0)
Жаба "NPC_41" - позиция (45.6, 94.9)
Жаба "NPC_42" - позиция (42.2, 12.6)
Бык "NPC_44" - позиция (100.0, 29.5)
Жаба "NPC_48" - позиция (20.4, 23.1)
Живых NPC: 24
Взаимное уничтожение драконов: NPC_43 также погибает!
Взаимное уничтожение драконов: NPC_50 также погибает!
Взаимное уничтожение драконов: NPC_45 также погибает!
Взаимное уничтожение драконов: NPC_46 также погибает!
Взаимное уничтожение драконов: NPC_1 также погибает!
Взаимное уничтожение драконов: NPC_40 также погибает!
Взаимное уничтожение драконов: NPC_4 также погибает!

=== Карта (секунда 21) ===
Бык "NPC_2" - позиция (100.0, 0.0)
Бык "NPC_3" - позиция (0.0, 74.9)
Бык "NPC_7" - позиция (36.0, 16.4)
Жаба "NPC_9" - позиция (99.4, 68.6)
Жаба "NPC_10" - позиция (12.3, 64.5)
Жаба "NPC_14" - позиция (62.8, 58.6)
Бык "NPC_15" - позиция (100.0, 21.6)
Бык "NPC_18" - позиция (73.2, 58.3)
Бык "NPC_19" - позиция (0.0, 100.0)
Жаба "NPC_20" - позиция (24.5, 47.9)
Бык "NPC_23" - позиция (2.4, 23.9)
Жаба "NPC_24" - позиция (40.4, 79.4)
Жаба "NPC_26" - позиция (37.5, 65.5)
Бык "NPC_27" - позиция (14.3, 26.5)
Жаба "NPC_29" - позиция (20.7, 24.8)
Жаба "NPC_32" - позиция (29.0, 17.9)
Бык "NPC_35" - позиция (0.0, 49.8)
Жаба "NPC_36" - позиция (0.0, 47.2)
Бык "NPC_37" - позиция (28.9, 38.4)
Бык "NPC_39" - позиция (91.2, 100.0)
Жаба "NPC_41" - позиция (49.6, 90.9)
Жаба "NPC_42" - позиция (40.5, 13.1)
Бык "NPC_44" - позиция (100.0, 17.2)
Жаба "NPC_48" - позиция (18.8, 22.5)
Живых NPC: 24
Взаимное уничтожение драконов: NPC_17 также погибает!
Взаимное уничтожение драконов: NPC_4 также погибает!
Взаимное уничтожение драконов: NPC_45 также погибает!

=== Карта (секунда 22) ===
Бык "NPC_2" - позиция (78.6, 21.0)
Бык "NPC_3" - позиция (94.6, 90.9)
Бык "NPC_7" - позиция (54.7, 22.5)
Жаба "NPC_9" - позиция (100.0, 68.5)
Жаба "NPC_10" - позиция (12.5, 64.8)
Жаба "NPC_14" - позиция (62.8, 57.4)
Бык "NPC_15" - позиция (100.0, 75.6)
Бык "NPC_18" - позиция (59.6, 0.0)
Бык "NPC_19" - позиция (12.9, 46.5)
Жаба "NPC_20" - позиция (23.0, 50.5)
Бык "NPC_23" - позиция (100.0, 79.0)
Жаба "NPC_24" - позиция (40.8, 78.1)
Жаба "NPC_26" - позиция (38.9, 65.4)
Бык "NPC_27" - позиция (81.1, 1.4)
Жаба "NPC_29" - позиция (21.4, 25.9)
Жаба "NPC_32" - позиция (31.0, 19.4)
Бык "NPC_35" - позиция (0.0, 100.0)
Жаба "NPC_36" - позиция (1.2, 42.4)
Бык "NPC_37" - позиция (24.9, 57.1)
Бык "NPC_39" - позиция (100.0, 71.0)
Жаба "NPC_41" - позиция (47.5, 89.9)
Жаба "NPC_42" - позиция (39.5, 11.0)
Бык "NPC_44" - позиция (0.0, 10.5)
Жаба "NPC_48" - позиция (20.6, 22.9)
Живых NPC: 24
Взаимное уничтожение драконов: NPC_17 также погибает!
Взаимное уничтожение драконов: NPC_45 также погибает!
Взаимное уничтожение драконов: NPC_21 также погибает!
Взаимное уничтожение драконов: NPC_43 также погибает!
Взаимное уничтожение драконов: NPC_21 также погибает!
Взаимное уничтожение драконов: NPC_49 также погибает!
Взаимное уничтожение драконов: NPC_22 также погибает!
Взаимное уничтожение драконов: NPC_46 также погибает!

=== Карта (секунда 23) ===
Бык "NPC_2" - позиция (0.0, 97.0)
Бык "NPC_3" - позиция (21.0, 9.2)
Бык "NPC_7" - позиция (0.0, 2.7)
Жаба "NPC_9" - позиция (96.1, 68.8)
Жаба "NPC_10" - позиция (12.2, 65.7)
Жаба "NPC_14" - позиция (66.5, 54.0)
Бык "NPC_15" - позиция (68.4, 16.4)
Бык "NPC_18" - позиция (82.9, 90.7)
Бык "NPC_19" - позиция (49.0, 100.0)
Жаба "NPC_20" - позиция (21.4, 50.5)
Бык "NPC_23" - позиция (100.0, 100.0)
Жаба "NPC_24" - позиция (42.5, 79.0)
Жаба "NPC_26" - позиция (41.5, 64.1)
Бык "NPC_27" - позиция (27.2, 26.6)
Жаба "NPC_29" - позиция (24.3, 26.8)
Жаба "NPC_32" - позиция (32.2, 23.5)
Бык "NPC_35" - позиция (36.3, 95.6)
Жаба "NPC_36" - позиция (1.7, 41.8)
Бык "NPC_37" - позиция (94.6, 35.2)
Бык "NPC_39" - позиция (100.0, 56.6)
Жаба "NPC_41" - позиция (49.5, 88.9)
Жаба "NPC_42" - позиция (42.2, 15.0)
Бык "NPC_44" - позиция (48.1, 0.0)
Жаба "NPC_48" - позиция (21.5, 21.2)
Живых NPC: 24
Взаимное уничтожение драконов: NPC_25 также погибает!
Взаимное уничтожение драконов: NPC_33 также погибает!
Взаимное уничтожение драконов: NPC_28 также погибает!
Взаимное уничтожение драконов: NPC_46 также погибает!
Взаимное уничтожение драконов: NPC_30 также погибает!
Взаимное уничтожение драконов: NPC_31 также погибает!
Взаимное уничтожение драконов: NPC_30 также погибает!
Взаимное уничтожение драконов: NPC_34 также погибает!
Взаимное уничтожение драконов: NPC_30 также погибает!
Взаимное уничтожение драконов: NPC_40 также погибает!
Взаимное уничтожение драконов: NPC_31 также погибает!
Взаимное уничтожение драконов: NPC_34 также погибает!

=== Карта (секунда 24) ===
Бык "NPC_2" - позиция (0.0, 36.8)
Бык "NPC_3" - позиция (92.0, 100.0)
Бык "NPC_7" - позиция (7.8, 29.0)
Жаба "NPC_9" - позиция (98.3, 69.3)
Жаба "NPC_10" - позиция (13.7, 66.8)
Жаба "NPC_14" - позиция (70.4, 54.7)
Бык "NPC_15" - позиция (58.7, 20.2)
Бык "NPC_18" - позиция (77.7, 0.0)
Бык "NPC_19" - позиция (0.0, 73.6)
Жаба "NPC_20" - позиция (21.4, 49.5)
Бык "NPC_23" - позиция (66.9, 71.4)
Жаба "NPC_24" - позиция (43.5, 79.8)
Жаба "NPC_26" - позиция (40.8, 62.7)
Бык "NPC_27" - позиция (74.0, 100.0)
Жаба "NPC_29" - позиция (20.6, 27.1)
Жаба "NPC_32" - позиция (28.4, 25.9)
Бык "NPC_35" - позиция (53.6, 89.9)
Жаба "NPC_36" - позиция (2.2, 42.2)
Бык "NPC_37" - позиция (84.4, 57.6)
Бык "NPC_39" - позиция (46.2, 50.5)
Жаба "NPC_41" - позиция (44.5, 92.6)
Жаба "NPC_42" - позиция (43.9, 18.5)
Бык "NPC_44" - позиция (57.1, 100.0)
Жаба "NPC_48" - позиция (21.6, 21.5)
Живых NPC: 24
Взаимное уничтожение драконов: NPC_34 также погибает!
Взаимное уничтожение драконов: NPC_40 также погибает!
Взаимное уничтожение драконов: NPC_34 также погибает!
Взаимное уничтожение драконов: NPC_43 также погибает!
Взаимное уничтожение драконов: NPC_38 также погибает!
Взаимное уничтожение драконов: NPC_50 также погибает!
Взаимное уничтожение драконов: NPC_43 также погибает!
Взаимное уничтожение драконов: NPC_49 также погибает!
Взаимное уничтожение драконов: NPC_1 также погибает!
Взаимное уничтожение драконов: NPC_21 также погибает!

=== Карта (секунда 25) ===
Бык "NPC_2" - позиция (0.0, 0.0)
Бык "NPC_3" - позиция (52.4, 43.9)
Бык "NPC_7" - позиция (100.0, 4.0)
Жаба "NPC_9" - позиция (99.7, 70.5)
Жаба "NPC_10" - позиция (7.8, 69.2)
Жаба "NPC_14" - позиция (70.0, 56.1)
Бык "NPC_15" - позиция (19.8, 15.4)
Бык "NPC_18" - позиция (51.2, 7.9)
Бык "NPC_19" - позиция (66.0, 46.6)
Жаба "NPC_20" - позиция (20.6, 48.6)
Бык "NPC_23" - позиция (0.1, 8.6)
Жаба "NPC_24" - позиция (44.7, 79.0)
Жаба "NPC_26" - позиция (40.1, 62.1)
Бык "NPC_27" - позиция (0.0, 0.0)
Жаба "NPC_29" - позиция (22.9, 25.2)
Жаба "NPC_32" - позиция (27.9, 26.7)
Бык "NPC_35" - позиция (23.9, 0.0)
Жаба "NPC_36" - позиция (0.0, 40.8)
Бык "NPC_37" - позиция (65.7, 54.8)
Бык "NPC_39" - позиция (7.2, 60.1)
Жаба "NPC_41" - позиция (39.2, 95.8)
Жаба "NPC_42" - позиция (44.8, 18.4)
Бык "NPC_44" - позиция (100.0, 82.5)
Жаба "NPC_48" - позиция (24.9, 23.3)
Живых NPC: 24
Взаимное уничтожение драконов: NPC_4 также погибает!
Взаимное уничтожение драконов: NPC_33 также погибает!
Взаимное уничтожение драконов: NPC_4 также погибает!
Взаимное уничтожение драконов: NPC_34 также погибает!
Взаимное уничтожение драконов: NPC_4 также погибает!
Взаимное уничтожение драконов: NPC_43 также погибает!

=== Карта (секунда 26) ===
Бык "NPC_2" - позиция (30.0, 26.9)
Бык "NPC_3" - позиция (64.2, 100.0)
Бык "NPC_7" - позиция (89.4, 95.6)
Жаба "NPC_9" - позиция (97.3, 69.7)
Жаба "NPC_10" - позиция (7.8, 69.2)
Жаба "NPC_14" - позиция (72.6, 53.3)
Бык "NPC_15" - позиция (10.7, 7.8)
Бык "NPC_18" - позиция (44.1, 74.9)
Бык "NPC_19" - позиция (67.2, 82.6)
Жаба "NPC_20" - позиция (22.9, 48.8)
Бык "NPC_23" - позиция (46.2, 28.5)
Жаба "NPC_24" - позиция (47.0, 78.5)
Жаба "NPC_26" - позиция (42.8, 62.3)
Бык "NPC_27" - позиция (22.5, 4.4)
Жаба "NPC_29" - позиция (21.6, 26.6)
Жаба "NPC_32" - позиция (26.7, 25.0)
Бык "NPC_35" - позиция (0.0, 51.6)
Жаба "NPC_36" - позиция (1.9, 39.8)
Бык "NPC_37" - позиция (49.1, 77.5)
Бык "NPC_39" - позиция (0.0, 41.5)
Жаба "NPC_41" - позиция (36.5, 98.2)
Жаба "NPC_42" - позиция (48.5, 21.5)
Бык "NPC_44" - позиция (12.7, 100.0)
Жаба "NPC_48" - позиция (28.1, 24.7)
Живых NPC: 24
Взаимное уничтожение драконов: NPC_17 также погибает!
Взаимное уничтожение драконов: NPC_28 также погибает!
Взаимное уничтожение драконов: NPC_17 также погибает!
Взаимное уничтожение драконов: NPC_45 также погибает!

=== Карта (секунда 27) ===
Бык "NPC_2" - позиция (62.3, 73.7)
Бык "NPC_3" - позиция (9.1, 43.9)
Бык "NPC_7" - позиция (90.8, 100.0)
Жаба "NPC_9" - позиция (98.0, 67.9)
Жаба "NPC_10" - позиция (7.4, 71.3)
Жаба "NPC_14" - позиция (77.5, 52.5)
Бык "NPC_15" - позиция (0.0, 53.8)
Бык "NPC_18" - позиция (73.0, 65.7)
Бык "NPC_19" - позиция (55.2, 100.0)
Жаба "NPC_20" - позиция (22.5, 46.5)
Бык "NPC_23" - позиция (0.0, 72.6)
Жаба "NPC_24" - позиция (51.4, 77.5)
Жаба "NPC_26" - позиция (43.5, 58.9)
Бык "NPC_27" - позиция (43.0, 26.8)
Жаба "NPC_29" - позиция (21.5, 27.3)
Жаба "NPC_32" - позиция (25.9, 20.6)
Бык "NPC_35" - позиция (51.5, 31.2)
Жаба "NPC_36" - позиция (5.4, 39.2)
Бык "NPC_37" - позиция (2.3, 41.6)
Бык "NPC_39" - позиция (20.7, 82.5)
Жаба "NPC_41" - позиция (37.4, 98.7)
Жаба "NPC_42" - позиция (45.8, 20.7)
Бык "NPC_44" - позиция (38.7, 70.6)
Жаба "NPC_48" - позиция (28.7, 25.0)
Живых NPC: 24
Взаимное уничтожение драконов: NPC_21 также погибает!
Взаимное уничтожение драконов: NPC_31 также погибает!
Взаимное уничтожение драконов: NPC_22 также погибает!
Взаимное уничтожение драконов: NPC_30 также погибает!
Взаимное уничтожение драконов: NPC_22 также погибает!
Взаимное уничтожение драконов: NPC_40 также погибает!
Взаимное уничтожение драконов: NPC_22 также погибает!
Взаимное уничтожение драконов: NPC_46 также погибает!

=== Карта (секунда 28) ===
Бык "NPC_2" - позиция (44.8, 74.6)
Бык "NPC_3" - позиция (61.5, 81.7)
Бык "NPC_7" - позиция (0.0, 62.1)
Жаба "NPC_9" - позиция (100.0, 63.1)
Жаба "NPC_10" - позиция (5.9, 72.1)
Жаба "NPC_14" - позиция (76.9, 53.3)
Бык "NPC_15" - позиция (42.5, 15.0)
Бык "NPC_18" - позиция (64.4, 77.2)
Бык "NPC_19" - позиция (96.4, 52.1)
Жаба "NPC_20" - позиция (22.1, 49.8)
Бык "NPC_23" - позиция (100.0, 82.2)
Жаба "NPC_24" - позиция (54.1, 81.6)
Жаба "NPC_26" - позиция (45.2, 58.3)
Бык "NPC_27" - позиция (8.7, 100.0)
Жаба "NPC_29" - позиция (20.2, 28.2)
Жаба "NPC_32" - позиция (27.8, 21.4)
Бык "NPC_35" - позиция (80.4, 36.5)
Жаба "NPC_36" - позиция (2.1, 41.8)
Бык "NPC_37" - позиция (0.0, 28.5)
Бык "NPC_39" - позиция (0.0, 61.9)
Жаба "NPC_41" - позиция (38.4, 99.2)
Жаба "NPC_42" - позиция (49.9, 24.4)
Бык "NPC_44" - позиция (82.1, 47.2)
Жаба "NPC_48" - позиция (25.9, 22.5)
Живых NPC: 24
Взаимное уничтожение драконов: NPC_25 также погибает!
Взаимное уничтожение драконов: NPC_31 также погибает!
Взаимное уничтожение драконов: NPC_30 также погибает!
Взаимное уничтожение драконов: NPC_40 также погибает!
Взаимное уничтожение драконов: NPC_30 также погибает!
Взаимное уничтожение драконов: NPC_46 также погибает!
Взаимное уничтожение драконов: NPC_33 также погибает!
Взаимное уничтожение драконов: NPC_34 также погибает!

=== Карта (секунда 29) ===
Бык "NPC_2" - позиция (68.7, 94.4)
Бык "NPC_3" - позиция (100.0, 68.8)
Бык "NPC_7" - позиция (13.2, 100.0)
Жаба "NPC_9" - позиция (99.4, 63.5)
Жаба "NPC_10" - позиция (1.4, 71.4)
Жаба "NPC_14" - позиция (74.5, 56.4)
Бык "NPC_15" - позиция (83.2, 25.6)
Бык "NPC_18" - позиция (29.6, 55.6)
Бык "NPC_19" - позиция (9.4, 83.3)
Жаба "NPC_20" - позиция (22.9, 49.6)
Бык "NPC_23" - позиция (47.9, 74.4)
Жаба "NPC_24" - позиция (52.6, 82.8)
Жаба "NPC_26" - позиция (43.5, 59.5)
Бык "NPC_27" - позиция (21.5, 37.0)
Жаба "NPC_29" - позиция (14.0, 25.3)
Жаба "NPC_32" - позиция (29.6, 21.0)
Бык "NPC_35" - позиция (23.3, 18.9)
Жаба "NPC_36" - позиция (0.3, 41.5)
Бык "NPC_37" - позиция (0.0, 78.1)
Бык "NPC_39" - позиция (2.0, 30.6)
Жаба "NPC_41" - позиция (34.4, 95.8)
Жаба "NPC_42" - позиция (45.4, 22.5)
Бык "NPC_44" - позиция (35.2, 100.0)
Жаба "NPC_48" - позиция (26.4, 18.6)
Живых NPC: 24
Взаимное уничтожение драконов: NPC_34 также погибает!
Взаимное уничтожение драконов: NPC_43 также погибает!
Взаимное уничтожение драконов: NPC_38 также погибает!
Взаимное уничтожение драконов: NPC_43 также погибает!
Взаимное уничтожение драконов: NPC_38 также погибает!
Взаимное уничтожение драконов: NPC_50 также погибает!
Взаимное уничтожение драконов: NPC_40 также погибает!
Взаимное уничтожение драконов: NPC_45 также погибает!
Взаимное уничтожение драконов: NPC_40 также погибает!
Взаимное уничтожение драконов: NPC_49 также погибает!
Взаимное уничтожение драконов: NPC_43 также погибает!
Взаимное уничтожение драконов: NPC_50 также погибает!
Взаимное уничтожение драконов: NPC_45 также погибает!
Взаимное уничтожение драконов: NPC_49 также погибает!

=== Карта (секунда 30) ===
Бык "NPC_2" - позиция (50.6, 62.8)
Бык "NPC_3" - позиция (52.7, 100.0)
Бык "NPC_7" - позиция (73.2, 93.3)
Жаба "NPC_9" - позиция (100.0, 63.7)
Жаба "NPC_10" - позиция (0.8, 73.7)
Жаба "NPC_14" - позиция (71.3, 59.3)
Бык "NPC_15" - позиция (100.0, 5.2)
Бык "NPC_18" - позиция (39.4, 82.2)
Бык "NPC_19" - позиция (52.2, 0.0)
Жаба "NPC_20" - позиция (23.6, 50.5)
Бык "NPC_23" - позиция (24.9, 100.0)
Жаба "NPC_24" - позиция (54.6, 81.9)
Жаба "NPC_26" - позиция (44.1, 56.2)
Бык "NPC_27" - позиция (43.3, 28.3)
Жаба "NPC_29" - позиция (14.6, 23.2)
Жаба "NPC_32" - позиция (27.4, 22.0)
Бык "NPC_35" - позиция (0.0, 28.9)
Жаба "NPC_36" - позиция (0.0, 41.1)
Бык "NPC_37" - позиция (89.2, 36.9)
Бык "NPC_39" - позиция (70.9, 48.6)
Жаба "NPC_41" - позиция (35.9, 97.4)
Жаба "NPC_42" - позиция (44.2, 20.4)
Бык "NPC_44" - позиция (90.7, 22.1)
Жаба "NPC_48" - позиция (23.3, 17.7)
Живых NPC: 24

=== РЕЗУЛЬТАТЫ ТЕСТА НА 30 СЕКУНД ===
Начальное количество NPC: 50
Выжившие: 24
Погибшие: 26
[       OK ] GameTest.ThirtySecondsFullGame (30097 ms)
[----------] 1 test from GameTest (30097 ms total)

[----------] Global test environment tear-down
[==========] 1 test from 1 test suite ran. (30097 ms total)
[  PASSED  ] 1 test.
<end of output>
Test time =  30.11 sec
----------------------------------------------------------
Test Passed.
"GameTest.ThirtySecondsFullGame" end time: Dec 13 11:26 UTC
"GameTest.ThirtySecondsFullGame" time elapsed: 00:00:30
----------------------------------------------------------

34/37 Testing: ObserverTest.ConsoleObserver
34/37 Test: ObserverTest.ConsoleObserver
Command: "/workspaces/labs_OOP/tasks/lab7/build/lab07_tests" "--gtest_filter=ObserverTest.ConsoleObserver" "--gtest_also_run_disabled_tests"
Directory: /workspaces/labs_OOP/tasks/lab7/build
"ObserverTest.ConsoleObserver" start time: Dec 13 11:26 UTC
Output:
----------------------------------------------------------
Note: Google Test filter = ObserverTest.ConsoleObserver
[==========] Running 1 test from 1 test suite.
[----------] Global test environment set-up.
[----------] 1 test from ObserverTest
[ RUN      ] ObserverTest.ConsoleObserver
Тестовое сообщение
[       OK ] ObserverTest.ConsoleObserver (0 ms)
[----------] 1 test from ObserverTest (0 ms total)

[----------] Global test environment tear-down
[==========] 1 test from 1 test suite ran. (0 ms total)
[  PASSED  ] 1 test.
<end of output>
Test time =   0.01 sec
----------------------------------------------------------
Test Passed.
"ObserverTest.ConsoleObserver" end time: Dec 13 11:26 UTC
"ObserverTest.ConsoleObserver" time elapsed: 00:00:00
----------------------------------------------------------

35/37 Testing: ObserverTest.FileObserver
35/37 Test: ObserverTest.FileObserver
Command: "/workspaces/labs_OOP/tasks/lab7/build/lab07_tests" "--gtest_filter=ObserverTest.FileObserver" "--gtest_also_run_disabled_tests"
Directory: /workspaces/labs_OOP/tasks/lab7/build
"ObserverTest.FileObserver" start time: Dec 13 11:26 UTC
Output:
----------------------------------------------------------
Note: Google Test filter = ObserverTest.FileObserver
[==========] Running 1 test from 1 test suite.
[----------] Global test environment set-up.
[----------] 1 test from ObserverTest
[ RUN      ] ObserverTest.FileObserver
[       OK ] ObserverTest.FileObserver (1 ms)
[----------] 1 test from ObserverTest (1 ms total)

[----------] Global test environment tear-down
[==========] 1 test from 1 test suite ran. (1 ms total)
[  PASSED  ] 1 test.
<end of output>
Test time =   0.01 sec
----------------------------------------------------------
Test Passed.
"ObserverTest.FileObserver" end time: Dec 13 11:26 UTC
"ObserverTest.FileObserver" time elapsed: 00:00:00
----------------------------------------------------------

36/37 Testing: ObserverTest.MultipleObservers
36/37 Test: ObserverTest.MultipleObservers
Command: "/workspaces/labs_OOP/tasks/lab7/build/lab07_tests" "--gtest_filter=ObserverTest.MultipleObservers" "--gtest_also_run_disabled_tests"
Directory: /workspaces/labs_OOP/tasks/lab7/build
"ObserverTest.MultipleObservers" start time: Dec 13 11:26 UTC
Output:
----------------------------------------------------------
Note: Google Test filter = ObserverTest.MultipleObservers
[==========] Running 1 test from 1 test suite.
[----------] Global test environment set-up.
[----------] 1 test from ObserverTest
[ RUN      ] ObserverTest.MultipleObservers
Тест множественных наблюдателей
[       OK ] ObserverTest.MultipleObservers (0 ms)
[----------] 1 test from ObserverTest (1 ms total)

[----------] Global test environment tear-down
[==========] 1 test from 1 test suite ran. (1 ms total)
[  PASSED  ] 1 test.
<end of output>
Test time =   0.01 sec
----------------------------------------------------------
Test Passed.
"ObserverTest.MultipleObservers" end time: Dec 13 11:26 UTC
"ObserverTest.MultipleObservers" time elapsed: 00:00:00
----------------------------------------------------------

37/37 Testing: SynchronizationTest.ConcurrentAccess
37/37 Test: SynchronizationTest.ConcurrentAccess
Command: "/workspaces/labs_OOP/tasks/lab7/build/lab07_tests" "--gtest_filter=SynchronizationTest.ConcurrentAccess" "--gtest_also_run_disabled_tests"
Directory: /workspaces/labs_OOP/tasks/lab7/build
"SynchronizationTest.ConcurrentAccess" start time: Dec 13 11:26 UTC
Output:
----------------------------------------------------------
Note: Google Test filter = SynchronizationTest.ConcurrentAccess
[==========] Running 1 test from 1 test suite.
[----------] Global test environment set-up.
[----------] 1 test from SynchronizationTest
[ RUN      ] SynchronizationTest.ConcurrentAccess
[       OK ] SynchronizationTest.ConcurrentAccess (0 ms)
[----------] 1 test from SynchronizationTest (0 ms total)

[----------] Global test environment tear-down
[==========] 1 test from 1 test suite ran. (0 ms total)
[  PASSED  ] 1 test.
<end of output>
Test time =   0.01 sec
----------------------------------------------------------
Test Passed.
"SynchronizationTest.ConcurrentAccess" end time: Dec 13 11:26 UTC
"SynchronizationTest.ConcurrentAccess" time elapsed: 00:00:00
----------------------------------------------------------

End testing: Dec 13 11:26 UTC
